This file contains any messages produced by compilers while
running configure, to aid debugging if configure makes a mistake.

It was created by clewn configure 1.13, which was
generated by GNU Autoconf 2.59.  Invocation command line was

  $ ./configure 

## --------- ##
## Platform. ##
## --------- ##

hostname = boodie-pc
uname -m = x86_64
uname -r = 5.4.0-42-generic
uname -s = Linux
uname -v = #46-Ubuntu SMP Fri Jul 10 00:24:02 UTC 2020

/usr/bin/uname -p = x86_64
/bin/uname -X     = unknown

/bin/arch              = x86_64
/usr/bin/arch -k       = unknown
/usr/convex/getsysinfo = unknown
hostinfo               = unknown
/bin/machine           = unknown
/usr/bin/oslevel       = unknown
/bin/universe          = unknown

PATH: /home/boodie/.local/bin
PATH: /usr/local/sbin
PATH: /usr/local/bin
PATH: /usr/sbin
PATH: /usr/bin
PATH: /sbin
PATH: /bin
PATH: /usr/games
PATH: /usr/local/games
PATH: /snap/bin


## ----------- ##
## Core tests. ##
## ----------- ##

configure:1363: checking for a BSD-compatible install
configure:1418: result: /usr/bin/install -c
configure:1429: checking whether build environment is sane
configure:1472: result: yes
configure:1537: checking for gawk
configure:1566: result: no
configure:1537: checking for mawk
configure:1553: found /usr/bin/mawk
configure:1563: result: mawk
configure:1573: checking whether make sets $(MAKE)
configure:1593: result: yes
configure:1761: checking whether to enable maintainer-specific portions of Makefiles
configure:1770: result: no
configure:1863: checking for gcc
configure:1879: found /usr/bin/gcc
configure:1889: result: gcc
configure:2133: checking for C compiler version
configure:2136: gcc --version </dev/null >&5
gcc (Ubuntu 9.3.0-10ubuntu2) 9.3.0
Copyright (C) 2019 Free Software Foundation, Inc.
This is free software; see the source for copying conditions.  There is NO
warranty; not even for MERCHANTABILITY or FITNESS FOR A PARTICULAR PURPOSE.

configure:2139: $? = 0
configure:2141: gcc -v </dev/null >&5
Using built-in specs.
COLLECT_GCC=gcc
COLLECT_LTO_WRAPPER=/usr/lib/gcc/x86_64-linux-gnu/9/lto-wrapper
OFFLOAD_TARGET_NAMES=nvptx-none:hsa
OFFLOAD_TARGET_DEFAULT=1
Target: x86_64-linux-gnu
Configured with: ../src/configure -v --with-pkgversion='Ubuntu 9.3.0-10ubuntu2' --with-bugurl=file:///usr/share/doc/gcc-9/README.Bugs --enable-languages=c,ada,c++,go,brig,d,fortran,objc,obj-c++,gm2 --prefix=/usr --with-gcc-major-version-only --program-suffix=-9 --program-prefix=x86_64-linux-gnu- --enable-shared --enable-linker-build-id --libexecdir=/usr/lib --without-included-gettext --enable-threads=posix --libdir=/usr/lib --enable-nls --enable-clocale=gnu --enable-libstdcxx-debug --enable-libstdcxx-time=yes --with-default-libstdcxx-abi=new --enable-gnu-unique-object --disable-vtable-verify --enable-plugin --enable-default-pie --with-system-zlib --with-target-system-zlib=auto --enable-objc-gc=auto --enable-multiarch --disable-werror --with-arch-32=i686 --with-abi=m64 --with-multilib-list=m32,m64,mx32 --enable-multilib --with-tune=generic --enable-offload-targets=nvptx-none,hsa --without-cuda-driver --enable-checking=release --build=x86_64-linux-gnu --host=x86_64-linux-gnu --target=x86_64-linux-gnu
Thread model: posix
gcc version 9.3.0 (Ubuntu 9.3.0-10ubuntu2) 
configure:2144: $? = 0
configure:2146: gcc -V </dev/null >&5
gcc: error: unrecognized command line option '-V'
gcc: fatal error: no input files
compilation terminated.
configure:2149: $? = 1
configure:2172: checking for C compiler default output file name
configure:2175: gcc    conftest.c  >&5
configure:2178: $? = 0
configure:2224: result: a.out
configure:2229: checking whether the C compiler works
configure:2235: ./a.out
configure:2238: $? = 0
configure:2255: result: yes
configure:2262: checking whether we are cross compiling
configure:2264: result: no
configure:2267: checking for suffix of executables
configure:2269: gcc -o conftest    conftest.c  >&5
configure:2272: $? = 0
configure:2297: result: 
configure:2303: checking for suffix of object files
configure:2324: gcc -c   conftest.c >&5
configure:2327: $? = 0
configure:2349: result: o
configure:2353: checking whether we are using the GNU C compiler
configure:2377: gcc -c   conftest.c >&5
configure:2383: $? = 0
configure:2387: test -z 
			 || test ! -s conftest.err
configure:2390: $? = 0
configure:2393: test -s conftest.o
configure:2396: $? = 0
configure:2409: result: yes
configure:2415: checking whether gcc accepts -g
configure:2436: gcc -c -g  conftest.c >&5
configure:2442: $? = 0
configure:2446: test -z 
			 || test ! -s conftest.err
configure:2449: $? = 0
configure:2452: test -s conftest.o
configure:2455: $? = 0
configure:2466: result: yes
configure:2483: checking for gcc option to accept ANSI C
configure:2553: gcc  -c -g -O2  conftest.c >&5
configure:2559: $? = 0
configure:2563: test -z 
			 || test ! -s conftest.err
configure:2566: $? = 0
configure:2569: test -s conftest.o
configure:2572: $? = 0
configure:2590: result: none needed
configure:2608: gcc -c -g -O2  conftest.c >&5
conftest.c:2:3: error: unknown type name 'choke'
    2 |   choke me
      |   ^~~~~
conftest.c:2:3: error: expected '=', ',', ';', 'asm' or '__attribute__' at end of input
configure:2614: $? = 1
configure: failed program was:
| #ifndef __cplusplus
|   choke me
| #endif
configure:2758: checking for style of include used by make
configure:2786: result: GNU
configure:2814: checking dependency style of gcc
configure:2904: result: gcc3
configure:2925: checking for initscr in -lcurses
configure:2955: gcc -o conftest -g -O2   conftest.c -lcurses   >&5
configure:2961: $? = 0
configure:2965: test -z 
			 || test ! -s conftest.err
configure:2968: $? = 0
configure:2971: test -s conftest
configure:2974: $? = 0
configure:2987: result: yes
configure:3009: checking how to run the C preprocessor
configure:3044: gcc -E  conftest.c
configure:3050: $? = 0
configure:3082: gcc -E  conftest.c
conftest.c:12:10: fatal error: ac_nonexistent.h: No such file or directory
   12 | #include <ac_nonexistent.h>
      |          ^~~~~~~~~~~~~~~~~~
compilation terminated.
configure:3088: $? = 1
configure: failed program was:
| /* confdefs.h.  */
| 
| #define PACKAGE_NAME "clewn"
| #define PACKAGE_TARNAME "clewn"
| #define PACKAGE_VERSION "1.13"
| #define PACKAGE_STRING "clewn 1.13"
| #define PACKAGE_BUGREPORT "xdegaye@users.sourceforge.net"
| #define PACKAGE "clewn"
| #define VERSION "1.13"
| #define HAVE_LIBCURSES 1
| /* end confdefs.h.  */
| #include <ac_nonexistent.h>
configure:3127: result: gcc -E
configure:3151: gcc -E  conftest.c
configure:3157: $? = 0
configure:3189: gcc -E  conftest.c
conftest.c:12:10: fatal error: ac_nonexistent.h: No such file or directory
   12 | #include <ac_nonexistent.h>
      |          ^~~~~~~~~~~~~~~~~~
compilation terminated.
configure:3195: $? = 1
configure: failed program was:
| /* confdefs.h.  */
| 
| #define PACKAGE_NAME "clewn"
| #define PACKAGE_TARNAME "clewn"
| #define PACKAGE_VERSION "1.13"
| #define PACKAGE_STRING "clewn 1.13"
| #define PACKAGE_BUGREPORT "xdegaye@users.sourceforge.net"
| #define PACKAGE "clewn"
| #define VERSION "1.13"
| #define HAVE_LIBCURSES 1
| /* end confdefs.h.  */
| #include <ac_nonexistent.h>
configure:3239: checking for egrep
configure:3249: result: grep -E
configure:3254: checking for ANSI C header files
configure:3279: gcc -c -g -O2  conftest.c >&5
configure:3285: $? = 0
configure:3289: test -z 
			 || test ! -s conftest.err
configure:3292: $? = 0
configure:3295: test -s conftest.o
configure:3298: $? = 0
configure:3387: gcc -o conftest -g -O2   conftest.c -lcurses  >&5
conftest.c: In function 'main':
conftest.c:29:7: warning: implicit declaration of function 'exit' [-Wimplicit-function-declaration]
   29 |       exit(2);
      |       ^~~~
conftest.c:29:7: warning: incompatible implicit declaration of built-in function 'exit'
conftest.c:13:1: note: include '<stdlib.h>' or provide a declaration of 'exit'
   12 | #include <ctype.h>
  +++ |+#include <stdlib.h>
   13 | #if ((' ' & 0x0FF) == 0x020)
conftest.c:30:3: warning: incompatible implicit declaration of built-in function 'exit'
   30 |   exit (0);
      |   ^~~~
conftest.c:30:3: note: include '<stdlib.h>' or provide a declaration of 'exit'
configure:3390: $? = 0
configure:3392: ./conftest
configure:3395: $? = 0
configure:3410: result: yes
configure:3434: checking for sys/types.h
configure:3450: gcc -c -g -O2  conftest.c >&5
configure:3456: $? = 0
configure:3460: test -z 
			 || test ! -s conftest.err
configure:3463: $? = 0
configure:3466: test -s conftest.o
configure:3469: $? = 0
configure:3480: result: yes
configure:3434: checking for sys/stat.h
configure:3450: gcc -c -g -O2  conftest.c >&5
configure:3456: $? = 0
configure:3460: test -z 
			 || test ! -s conftest.err
configure:3463: $? = 0
configure:3466: test -s conftest.o
configure:3469: $? = 0
configure:3480: result: yes
configure:3434: checking for stdlib.h
configure:3450: gcc -c -g -O2  conftest.c >&5
configure:3456: $? = 0
configure:3460: test -z 
			 || test ! -s conftest.err
configure:3463: $? = 0
configure:3466: test -s conftest.o
configure:3469: $? = 0
configure:3480: result: yes
configure:3434: checking for string.h
configure:3450: gcc -c -g -O2  conftest.c >&5
configure:3456: $? = 0
configure:3460: test -z 
			 || test ! -s conftest.err
configure:3463: $? = 0
configure:3466: test -s conftest.o
configure:3469: $? = 0
configure:3480: result: yes
configure:3434: checking for memory.h
configure:3450: gcc -c -g -O2  conftest.c >&5
configure:3456: $? = 0
configure:3460: test -z 
			 || test ! -s conftest.err
configure:3463: $? = 0
configure:3466: test -s conftest.o
configure:3469: $? = 0
configure:3480: result: yes
configure:3434: checking for strings.h
configure:3450: gcc -c -g -O2  conftest.c >&5
configure:3456: $? = 0
configure:3460: test -z 
			 || test ! -s conftest.err
configure:3463: $? = 0
configure:3466: test -s conftest.o
configure:3469: $? = 0
configure:3480: result: yes
configure:3434: checking for inttypes.h
configure:3450: gcc -c -g -O2  conftest.c >&5
configure:3456: $? = 0
configure:3460: test -z 
			 || test ! -s conftest.err
configure:3463: $? = 0
configure:3466: test -s conftest.o
configure:3469: $? = 0
configure:3480: result: yes
configure:3434: checking for stdint.h
configure:3450: gcc -c -g -O2  conftest.c >&5
configure:3456: $? = 0
configure:3460: test -z 
			 || test ! -s conftest.err
configure:3463: $? = 0
configure:3466: test -s conftest.o
configure:3469: $? = 0
configure:3480: result: yes
configure:3434: checking for unistd.h
configure:3450: gcc -c -g -O2  conftest.c >&5
configure:3456: $? = 0
configure:3460: test -z 
			 || test ! -s conftest.err
configure:3463: $? = 0
configure:3466: test -s conftest.o
configure:3469: $? = 0
configure:3480: result: yes
configure:3507: checking readline/readline.h usability
configure:3519: gcc -c -g -O2  conftest.c >&5
configure:3525: $? = 0
configure:3529: test -z 
			 || test ! -s conftest.err
configure:3532: $? = 0
configure:3535: test -s conftest.o
configure:3538: $? = 0
configure:3548: result: yes
configure:3552: checking readline/readline.h presence
configure:3562: gcc -E  conftest.c
configure:3568: $? = 0
configure:3588: result: yes
configure:3623: checking for readline/readline.h
configure:3630: result: yes
configure:3507: checking readline/history.h usability
configure:3519: gcc -c -g -O2  conftest.c >&5
configure:3525: $? = 0
configure:3529: test -z 
			 || test ! -s conftest.err
configure:3532: $? = 0
configure:3535: test -s conftest.o
configure:3538: $? = 0
configure:3548: result: yes
configure:3552: checking readline/history.h presence
configure:3562: gcc -E  conftest.c
configure:3568: $? = 0
configure:3588: result: yes
configure:3623: checking for readline/history.h
configure:3630: result: yes
configure:3648: checking for rl_initialize in -lreadline
configure:3678: gcc -o conftest -g -O2   conftest.c -lreadline  -lcurses  >&5
configure:3684: $? = 0
configure:3688: test -z 
			 || test ! -s conftest.err
configure:3691: $? = 0
configure:3694: test -s conftest
configure:3697: $? = 0
configure:3710: result: yes
configure:3727: checking for rl_ding
configure:3748: gcc -o conftest -g -O2   conftest.c -lreadline -lcurses  >&5
configure:3754: $? = 0
configure:3758: test -z 
			 || test ! -s conftest.err
configure:3761: $? = 0
configure:3764: test -s conftest
configure:3767: $? = 0
configure:3769: result: yes
configure:3786: checking for rl_replace_line
configure:3807: gcc -o conftest -g -O2   conftest.c -lreadline -lcurses  >&5
configure:3813: $? = 0
configure:3817: test -z 
			 || test ! -s conftest.err
configure:3820: $? = 0
configure:3823: test -s conftest
configure:3826: $? = 0
configure:3828: result: yes
configure:3845: checking for rl_command_func_t typedef
configure:3866: gcc -c -g -O2  conftest.c >&5
configure:3872: $? = 0
configure:3876: test -z 
			 || test ! -s conftest.err
configure:3879: $? = 0
configure:3882: test -s conftest.o
configure:3885: $? = 0
configure:3887: result: yes
configure:3903: checking for socket
configure:3960: gcc -o conftest -g -O2   conftest.c -lreadline -lcurses  >&5
configure:3966: $? = 0
configure:3970: test -z 
			 || test ! -s conftest.err
configure:3973: $? = 0
configure:3976: test -s conftest
configure:3979: $? = 0
configure:3991: result: yes
configure:4018: checking sys/socket.h usability
configure:4030: gcc -c -g -O2  conftest.c >&5
configure:4036: $? = 0
configure:4040: test -z 
			 || test ! -s conftest.err
configure:4043: $? = 0
configure:4046: test -s conftest.o
configure:4049: $? = 0
configure:4059: result: yes
configure:4063: checking sys/socket.h presence
configure:4073: gcc -E  conftest.c
configure:4079: $? = 0
configure:4099: result: yes
configure:4134: checking for sys/socket.h
configure:4141: result: yes
configure:4018: checking netinet/in.h usability
configure:4030: gcc -c -g -O2  conftest.c >&5
configure:4036: $? = 0
configure:4040: test -z 
			 || test ! -s conftest.err
configure:4043: $? = 0
configure:4046: test -s conftest.o
configure:4049: $? = 0
configure:4059: result: yes
configure:4063: checking netinet/in.h presence
configure:4073: gcc -E  conftest.c
configure:4079: $? = 0
configure:4099: result: yes
configure:4134: checking for netinet/in.h
configure:4141: result: yes
configure:4018: checking netdb.h usability
configure:4030: gcc -c -g -O2  conftest.c >&5
configure:4036: $? = 0
configure:4040: test -z 
			 || test ! -s conftest.err
configure:4043: $? = 0
configure:4046: test -s conftest.o
configure:4049: $? = 0
configure:4059: result: yes
configure:4063: checking netdb.h presence
configure:4073: gcc -E  conftest.c
configure:4079: $? = 0
configure:4099: result: yes
configure:4134: checking for netdb.h
configure:4141: result: yes
configure:4018: checking arpa/inet.h usability
configure:4030: gcc -c -g -O2  conftest.c >&5
configure:4036: $? = 0
configure:4040: test -z 
			 || test ! -s conftest.err
configure:4043: $? = 0
configure:4046: test -s conftest.o
configure:4049: $? = 0
configure:4059: result: yes
configure:4063: checking arpa/inet.h presence
configure:4073: gcc -E  conftest.c
configure:4079: $? = 0
configure:4099: result: yes
configure:4134: checking for arpa/inet.h
configure:4141: result: yes
configure:4160: checking for socket in -lsocket
configure:4190: gcc -o conftest -g -O2   conftest.c -lsocket  -lreadline -lcurses  >&5
/usr/bin/ld: cannot find -lsocket
collect2: error: ld returned 1 exit status
configure:4196: $? = 1
configure: failed program was:
| /* confdefs.h.  */
| 
| #define PACKAGE_NAME "clewn"
| #define PACKAGE_TARNAME "clewn"
| #define PACKAGE_VERSION "1.13"
| #define PACKAGE_STRING "clewn 1.13"
| #define PACKAGE_BUGREPORT "xdegaye@users.sourceforge.net"
| #define PACKAGE "clewn"
| #define VERSION "1.13"
| #define HAVE_LIBCURSES 1
| #define STDC_HEADERS 1
| #define HAVE_SYS_TYPES_H 1
| #define HAVE_SYS_STAT_H 1
| #define HAVE_STDLIB_H 1
| #define HAVE_STRING_H 1
| #define HAVE_MEMORY_H 1
| #define HAVE_STRINGS_H 1
| #define HAVE_INTTYPES_H 1
| #define HAVE_STDINT_H 1
| #define HAVE_UNISTD_H 1
| #define HAVE_READLINE_READLINE_H 1
| #define HAVE_READLINE_HISTORY_H 1
| #define HAVE_LIBREADLINE 1
| #define HAVE_RL_DING 1
| #define HAVE_RL_REPLACE_LINE 1
| #define HAVE_RL_COMMAND_FUNC_T 1
| #define HAVE_SYS_SOCKET_H 1
| #define HAVE_NETINET_IN_H 1
| #define HAVE_NETDB_H 1
| #define HAVE_ARPA_INET_H 1
| /* end confdefs.h.  */
| 
| /* Override any gcc2 internal prototype to avoid an error.  */
| #ifdef __cplusplus
| extern "C"
| #endif
| /* We use char because int might match the return type of a gcc2
|    builtin and then its argument prototype would still apply.  */
| char socket ();
| int
| main ()
| {
| socket ();
|   ;
|   return 0;
| }
configure:4222: result: no
configure:4234: checking for gethostbyname in -lnsl
configure:4264: gcc -o conftest -g -O2   conftest.c -lnsl  -lreadline -lcurses  >&5
configure:4270: $? = 0
configure:4274: test -z 
			 || test ! -s conftest.err
configure:4277: $? = 0
configure:4280: test -s conftest
configure:4283: $? = 0
configure:4296: result: yes
configure:4309: checking wether regexp can be used
configure:4335: gcc -o conftest -g -O2   conftest.c -lnsl -lreadline -lcurses  >&5
conftest.c:36:6: warning: return type defaults to 'int' [-Wimplicit-int]
   36 |      main() { regex_t regexp; regmatch_t match[4];
      |      ^~~~
conftest.c: In function 'main':
conftest.c:43:7: warning: implicit declaration of function 'exit' [-Wimplicit-function-declaration]
   43 |       exit(0);
      |       ^~~~
conftest.c:43:7: warning: incompatible implicit declaration of built-in function 'exit'
conftest.c:36:1: note: include '<stdlib.h>' or provide a declaration of 'exit'
   35 |      #include <regex.h>
  +++ |+#include <stdlib.h>
   36 |      main() { regex_t regexp; regmatch_t match[4];
conftest.c:44:3: warning: incompatible implicit declaration of built-in function 'exit'
   44 |   exit(1); }
      |   ^~~~
conftest.c:44:3: note: include '<stdlib.h>' or provide a declaration of 'exit'
configure:4338: $? = 0
configure:4340: ./conftest
configure:4343: $? = 0
configure:4345: result: yes
configure:4369: checking for dirent.h that defines DIR
configure:4393: gcc -c -g -O2  conftest.c >&5
configure:4399: $? = 0
configure:4403: test -z 
			 || test ! -s conftest.err
configure:4406: $? = 0
configure:4409: test -s conftest.o
configure:4412: $? = 0
configure:4423: result: yes
configure:4436: checking for library containing opendir
configure:4466: gcc -o conftest -g -O2   conftest.c -lnsl -lreadline -lcurses  >&5
configure:4472: $? = 0
configure:4476: test -z 
			 || test ! -s conftest.err
configure:4479: $? = 0
configure:4482: test -s conftest
configure:4485: $? = 0
configure:4555: result: none required
configure:4691: checking for ANSI C header files
configure:4847: result: yes
configure:4857: checking for sys/wait.h that is POSIX.1 compatible
configure:4888: gcc -c -g -O2  conftest.c >&5
configure:4894: $? = 0
configure:4898: test -z 
			 || test ! -s conftest.err
configure:4901: $? = 0
configure:4904: test -s conftest.o
configure:4907: $? = 0
configure:4918: result: yes
configure:4949: checking libintl.h usability
configure:4961: gcc -c -g -O2  conftest.c >&5
configure:4967: $? = 0
configure:4971: test -z 
			 || test ! -s conftest.err
configure:4974: $? = 0
configure:4977: test -s conftest.o
configure:4980: $? = 0
configure:4990: result: yes
configure:4994: checking libintl.h presence
configure:5004: gcc -E  conftest.c
configure:5010: $? = 0
configure:5030: result: yes
configure:5065: checking for libintl.h
configure:5072: result: yes
configure:4949: checking fcntl.h usability
configure:4961: gcc -c -g -O2  conftest.c >&5
configure:4967: $? = 0
configure:4971: test -z 
			 || test ! -s conftest.err
configure:4974: $? = 0
configure:4977: test -s conftest.o
configure:4980: $? = 0
configure:4990: result: yes
configure:4994: checking fcntl.h presence
configure:5004: gcc -E  conftest.c
configure:5010: $? = 0
configure:5030: result: yes
configure:5065: checking for fcntl.h
configure:5072: result: yes
configure:4949: checking malloc.h usability
configure:4961: gcc -c -g -O2  conftest.c >&5
configure:4967: $? = 0
configure:4971: test -z 
			 || test ! -s conftest.err
configure:4974: $? = 0
configure:4977: test -s conftest.o
configure:4980: $? = 0
configure:4990: result: yes
configure:4994: checking malloc.h presence
configure:5004: gcc -E  conftest.c
configure:5010: $? = 0
configure:5030: result: yes
configure:5065: checking for malloc.h
configure:5072: result: yes
configure:4940: checking for strings.h
configure:4945: result: yes
configure:4949: checking sys/ioctl.h usability
configure:4961: gcc -c -g -O2  conftest.c >&5
configure:4967: $? = 0
configure:4971: test -z 
			 || test ! -s conftest.err
configure:4974: $? = 0
configure:4977: test -s conftest.o
configure:4980: $? = 0
configure:4990: result: yes
configure:4994: checking sys/ioctl.h presence
configure:5004: gcc -E  conftest.c
configure:5010: $? = 0
configure:5030: result: yes
configure:5065: checking for sys/ioctl.h
configure:5072: result: yes
configure:4949: checking sys/time.h usability
configure:4961: gcc -c -g -O2  conftest.c >&5
configure:4967: $? = 0
configure:4971: test -z 
			 || test ! -s conftest.err
configure:4974: $? = 0
configure:4977: test -s conftest.o
configure:4980: $? = 0
configure:4990: result: yes
configure:4994: checking sys/time.h presence
configure:5004: gcc -E  conftest.c
configure:5010: $? = 0
configure:5030: result: yes
configure:5065: checking for sys/time.h
configure:5072: result: yes
configure:4949: checking termio.h usability
configure:4961: gcc -c -g -O2  conftest.c >&5
configure:4967: $? = 0
configure:4971: test -z 
			 || test ! -s conftest.err
configure:4974: $? = 0
configure:4977: test -s conftest.o
configure:4980: $? = 0
configure:4990: result: yes
configure:4994: checking termio.h presence
configure:5004: gcc -E  conftest.c
configure:5010: $? = 0
configure:5030: result: yes
configure:5065: checking for termio.h
configure:5072: result: yes
configure:4940: checking for unistd.h
configure:4945: result: yes
configure:5093: checking for string.h
configure:5098: result: yes
configure:5102: checking stddef.h usability
configure:5114: gcc -c -g -O2  conftest.c >&5
configure:5120: $? = 0
configure:5124: test -z 
			 || test ! -s conftest.err
configure:5127: $? = 0
configure:5130: test -s conftest.o
configure:5133: $? = 0
configure:5143: result: yes
configure:5147: checking stddef.h presence
configure:5157: gcc -E  conftest.c
configure:5163: $? = 0
configure:5183: result: yes
configure:5218: checking for stddef.h
configure:5225: result: yes
configure:5093: checking for stdlib.h
configure:5098: result: yes
configure:5093: checking for unistd.h
configure:5098: result: yes
configure:5254: checking sys/select.h usability
configure:5266: gcc -c -g -O2  conftest.c >&5
configure:5272: $? = 0
configure:5276: test -z 
			 || test ! -s conftest.err
configure:5279: $? = 0
configure:5282: test -s conftest.o
configure:5285: $? = 0
configure:5295: result: yes
configure:5299: checking sys/select.h presence
configure:5309: gcc -E  conftest.c
configure:5315: $? = 0
configure:5335: result: yes
configure:5370: checking for sys/select.h
configure:5377: result: yes
configure:5254: checking poll.h usability
configure:5266: gcc -c -g -O2  conftest.c >&5
configure:5272: $? = 0
configure:5276: test -z 
			 || test ! -s conftest.err
configure:5279: $? = 0
configure:5282: test -s conftest.o
configure:5285: $? = 0
configure:5295: result: yes
configure:5299: checking poll.h presence
configure:5309: gcc -E  conftest.c
configure:5315: $? = 0
configure:5335: result: yes
configure:5370: checking for poll.h
configure:5377: result: yes
configure:5254: checking sys/poll.h usability
configure:5266: gcc -c -g -O2  conftest.c >&5
configure:5272: $? = 0
configure:5276: test -z 
			 || test ! -s conftest.err
configure:5279: $? = 0
configure:5282: test -s conftest.o
configure:5285: $? = 0
configure:5295: result: yes
configure:5299: checking sys/poll.h presence
configure:5309: gcc -E  conftest.c
configure:5315: $? = 0
configure:5335: result: yes
configure:5370: checking for sys/poll.h
configure:5377: result: yes
configure:5407: checking stropts.h usability
configure:5419: gcc -c -g -O2  conftest.c >&5
conftest.c:85:10: fatal error: stropts.h: No such file or directory
   85 | #include <stropts.h>
      |          ^~~~~~~~~~~
compilation terminated.
configure:5425: $? = 1
configure: failed program was:
| /* confdefs.h.  */
| 
| #define PACKAGE_NAME "clewn"
| #define PACKAGE_TARNAME "clewn"
| #define PACKAGE_VERSION "1.13"
| #define PACKAGE_STRING "clewn 1.13"
| #define PACKAGE_BUGREPORT "xdegaye@users.sourceforge.net"
| #define PACKAGE "clewn"
| #define VERSION "1.13"
| #define HAVE_LIBCURSES 1
| #define STDC_HEADERS 1
| #define HAVE_SYS_TYPES_H 1
| #define HAVE_SYS_STAT_H 1
| #define HAVE_STDLIB_H 1
| #define HAVE_STRING_H 1
| #define HAVE_MEMORY_H 1
| #define HAVE_STRINGS_H 1
| #define HAVE_INTTYPES_H 1
| #define HAVE_STDINT_H 1
| #define HAVE_UNISTD_H 1
| #define HAVE_READLINE_READLINE_H 1
| #define HAVE_READLINE_HISTORY_H 1
| #define HAVE_LIBREADLINE 1
| #define HAVE_RL_DING 1
| #define HAVE_RL_REPLACE_LINE 1
| #define HAVE_RL_COMMAND_FUNC_T 1
| #define HAVE_SYS_SOCKET_H 1
| #define HAVE_NETINET_IN_H 1
| #define HAVE_NETDB_H 1
| #define HAVE_ARPA_INET_H 1
| #define HAVE_LIBNSL 1
| #define HAVE_DIRENT_H 1
| #define STDC_HEADERS 1
| #define HAVE_SYS_WAIT_H 1
| #define HAVE_LIBINTL_H 1
| #define HAVE_FCNTL_H 1
| #define HAVE_MALLOC_H 1
| #define HAVE_STRINGS_H 1
| #define HAVE_SYS_IOCTL_H 1
| #define HAVE_SYS_TIME_H 1
| #define HAVE_TERMIO_H 1
| #define HAVE_UNISTD_H 1
| #define HAVE_STRING_H 1
| #define HAVE_STDDEF_H 1
| #define HAVE_STDLIB_H 1
| #define HAVE_UNISTD_H 1
| #define HAVE_SYS_SELECT_H 1
| #define HAVE_POLL_H 1
| #define HAVE_SYS_POLL_H 1
| /* end confdefs.h.  */
| #include <stdio.h>
| #if HAVE_SYS_TYPES_H
| # include <sys/types.h>
| #endif
| #if HAVE_SYS_STAT_H
| # include <sys/stat.h>
| #endif
| #if STDC_HEADERS
| # include <stdlib.h>
| # include <stddef.h>
| #else
| # if HAVE_STDLIB_H
| #  include <stdlib.h>
| # endif
| #endif
| #if HAVE_STRING_H
| # if !STDC_HEADERS && HAVE_MEMORY_H
| #  include <memory.h>
| # endif
| # include <string.h>
| #endif
| #if HAVE_STRINGS_H
| # include <strings.h>
| #endif
| #if HAVE_INTTYPES_H
| # include <inttypes.h>
| #else
| # if HAVE_STDINT_H
| #  include <stdint.h>
| # endif
| #endif
| #if HAVE_UNISTD_H
| # include <unistd.h>
| #endif
| #include <stropts.h>
configure:5448: result: no
configure:5452: checking stropts.h presence
configure:5462: gcc -E  conftest.c
conftest.c:51:10: fatal error: stropts.h: No such file or directory
   51 | #include <stropts.h>
      |          ^~~~~~~~~~~
compilation terminated.
configure:5468: $? = 1
configure: failed program was:
| /* confdefs.h.  */
| 
| #define PACKAGE_NAME "clewn"
| #define PACKAGE_TARNAME "clewn"
| #define PACKAGE_VERSION "1.13"
| #define PACKAGE_STRING "clewn 1.13"
| #define PACKAGE_BUGREPORT "xdegaye@users.sourceforge.net"
| #define PACKAGE "clewn"
| #define VERSION "1.13"
| #define HAVE_LIBCURSES 1
| #define STDC_HEADERS 1
| #define HAVE_SYS_TYPES_H 1
| #define HAVE_SYS_STAT_H 1
| #define HAVE_STDLIB_H 1
| #define HAVE_STRING_H 1
| #define HAVE_MEMORY_H 1
| #define HAVE_STRINGS_H 1
| #define HAVE_INTTYPES_H 1
| #define HAVE_STDINT_H 1
| #define HAVE_UNISTD_H 1
| #define HAVE_READLINE_READLINE_H 1
| #define HAVE_READLINE_HISTORY_H 1
| #define HAVE_LIBREADLINE 1
| #define HAVE_RL_DING 1
| #define HAVE_RL_REPLACE_LINE 1
| #define HAVE_RL_COMMAND_FUNC_T 1
| #define HAVE_SYS_SOCKET_H 1
| #define HAVE_NETINET_IN_H 1
| #define HAVE_NETDB_H 1
| #define HAVE_ARPA_INET_H 1
| #define HAVE_LIBNSL 1
| #define HAVE_DIRENT_H 1
| #define STDC_HEADERS 1
| #define HAVE_SYS_WAIT_H 1
| #define HAVE_LIBINTL_H 1
| #define HAVE_FCNTL_H 1
| #define HAVE_MALLOC_H 1
| #define HAVE_STRINGS_H 1
| #define HAVE_SYS_IOCTL_H 1
| #define HAVE_SYS_TIME_H 1
| #define HAVE_TERMIO_H 1
| #define HAVE_UNISTD_H 1
| #define HAVE_STRING_H 1
| #define HAVE_STDDEF_H 1
| #define HAVE_STDLIB_H 1
| #define HAVE_UNISTD_H 1
| #define HAVE_SYS_SELECT_H 1
| #define HAVE_POLL_H 1
| #define HAVE_SYS_POLL_H 1
| /* end confdefs.h.  */
| #include <stropts.h>
configure:5488: result: no
configure:5523: checking for stropts.h
configure:5530: result: no
configure:5407: checking sys/stream.h usability
configure:5419: gcc -c -g -O2  conftest.c >&5
conftest.c:85:10: fatal error: sys/stream.h: No such file or directory
   85 | #include <sys/stream.h>
      |          ^~~~~~~~~~~~~~
compilation terminated.
configure:5425: $? = 1
configure: failed program was:
| /* confdefs.h.  */
| 
| #define PACKAGE_NAME "clewn"
| #define PACKAGE_TARNAME "clewn"
| #define PACKAGE_VERSION "1.13"
| #define PACKAGE_STRING "clewn 1.13"
| #define PACKAGE_BUGREPORT "xdegaye@users.sourceforge.net"
| #define PACKAGE "clewn"
| #define VERSION "1.13"
| #define HAVE_LIBCURSES 1
| #define STDC_HEADERS 1
| #define HAVE_SYS_TYPES_H 1
| #define HAVE_SYS_STAT_H 1
| #define HAVE_STDLIB_H 1
| #define HAVE_STRING_H 1
| #define HAVE_MEMORY_H 1
| #define HAVE_STRINGS_H 1
| #define HAVE_INTTYPES_H 1
| #define HAVE_STDINT_H 1
| #define HAVE_UNISTD_H 1
| #define HAVE_READLINE_READLINE_H 1
| #define HAVE_READLINE_HISTORY_H 1
| #define HAVE_LIBREADLINE 1
| #define HAVE_RL_DING 1
| #define HAVE_RL_REPLACE_LINE 1
| #define HAVE_RL_COMMAND_FUNC_T 1
| #define HAVE_SYS_SOCKET_H 1
| #define HAVE_NETINET_IN_H 1
| #define HAVE_NETDB_H 1
| #define HAVE_ARPA_INET_H 1
| #define HAVE_LIBNSL 1
| #define HAVE_DIRENT_H 1
| #define STDC_HEADERS 1
| #define HAVE_SYS_WAIT_H 1
| #define HAVE_LIBINTL_H 1
| #define HAVE_FCNTL_H 1
| #define HAVE_MALLOC_H 1
| #define HAVE_STRINGS_H 1
| #define HAVE_SYS_IOCTL_H 1
| #define HAVE_SYS_TIME_H 1
| #define HAVE_TERMIO_H 1
| #define HAVE_UNISTD_H 1
| #define HAVE_STRING_H 1
| #define HAVE_STDDEF_H 1
| #define HAVE_STDLIB_H 1
| #define HAVE_UNISTD_H 1
| #define HAVE_SYS_SELECT_H 1
| #define HAVE_POLL_H 1
| #define HAVE_SYS_POLL_H 1
| /* end confdefs.h.  */
| #include <stdio.h>
| #if HAVE_SYS_TYPES_H
| # include <sys/types.h>
| #endif
| #if HAVE_SYS_STAT_H
| # include <sys/stat.h>
| #endif
| #if STDC_HEADERS
| # include <stdlib.h>
| # include <stddef.h>
| #else
| # if HAVE_STDLIB_H
| #  include <stdlib.h>
| # endif
| #endif
| #if HAVE_STRING_H
| # if !STDC_HEADERS && HAVE_MEMORY_H
| #  include <memory.h>
| # endif
| # include <string.h>
| #endif
| #if HAVE_STRINGS_H
| # include <strings.h>
| #endif
| #if HAVE_INTTYPES_H
| # include <inttypes.h>
| #else
| # if HAVE_STDINT_H
| #  include <stdint.h>
| # endif
| #endif
| #if HAVE_UNISTD_H
| # include <unistd.h>
| #endif
| #include <sys/stream.h>
configure:5448: result: no
configure:5452: checking sys/stream.h presence
configure:5462: gcc -E  conftest.c
conftest.c:51:10: fatal error: sys/stream.h: No such file or directory
   51 | #include <sys/stream.h>
      |          ^~~~~~~~~~~~~~
compilation terminated.
configure:5468: $? = 1
configure: failed program was:
| /* confdefs.h.  */
| 
| #define PACKAGE_NAME "clewn"
| #define PACKAGE_TARNAME "clewn"
| #define PACKAGE_VERSION "1.13"
| #define PACKAGE_STRING "clewn 1.13"
| #define PACKAGE_BUGREPORT "xdegaye@users.sourceforge.net"
| #define PACKAGE "clewn"
| #define VERSION "1.13"
| #define HAVE_LIBCURSES 1
| #define STDC_HEADERS 1
| #define HAVE_SYS_TYPES_H 1
| #define HAVE_SYS_STAT_H 1
| #define HAVE_STDLIB_H 1
| #define HAVE_STRING_H 1
| #define HAVE_MEMORY_H 1
| #define HAVE_STRINGS_H 1
| #define HAVE_INTTYPES_H 1
| #define HAVE_STDINT_H 1
| #define HAVE_UNISTD_H 1
| #define HAVE_READLINE_READLINE_H 1
| #define HAVE_READLINE_HISTORY_H 1
| #define HAVE_LIBREADLINE 1
| #define HAVE_RL_DING 1
| #define HAVE_RL_REPLACE_LINE 1
| #define HAVE_RL_COMMAND_FUNC_T 1
| #define HAVE_SYS_SOCKET_H 1
| #define HAVE_NETINET_IN_H 1
| #define HAVE_NETDB_H 1
| #define HAVE_ARPA_INET_H 1
| #define HAVE_LIBNSL 1
| #define HAVE_DIRENT_H 1
| #define STDC_HEADERS 1
| #define HAVE_SYS_WAIT_H 1
| #define HAVE_LIBINTL_H 1
| #define HAVE_FCNTL_H 1
| #define HAVE_MALLOC_H 1
| #define HAVE_STRINGS_H 1
| #define HAVE_SYS_IOCTL_H 1
| #define HAVE_SYS_TIME_H 1
| #define HAVE_TERMIO_H 1
| #define HAVE_UNISTD_H 1
| #define HAVE_STRING_H 1
| #define HAVE_STDDEF_H 1
| #define HAVE_STDLIB_H 1
| #define HAVE_UNISTD_H 1
| #define HAVE_SYS_SELECT_H 1
| #define HAVE_POLL_H 1
| #define HAVE_SYS_POLL_H 1
| /* end confdefs.h.  */
| #include <sys/stream.h>
configure:5488: result: no
configure:5523: checking for sys/stream.h
configure:5530: result: no
configure:5407: checking sys/ptem.h usability
configure:5419: gcc -c -g -O2  conftest.c >&5
conftest.c:85:10: fatal error: sys/ptem.h: No such file or directory
   85 | #include <sys/ptem.h>
      |          ^~~~~~~~~~~~
compilation terminated.
configure:5425: $? = 1
configure: failed program was:
| /* confdefs.h.  */
| 
| #define PACKAGE_NAME "clewn"
| #define PACKAGE_TARNAME "clewn"
| #define PACKAGE_VERSION "1.13"
| #define PACKAGE_STRING "clewn 1.13"
| #define PACKAGE_BUGREPORT "xdegaye@users.sourceforge.net"
| #define PACKAGE "clewn"
| #define VERSION "1.13"
| #define HAVE_LIBCURSES 1
| #define STDC_HEADERS 1
| #define HAVE_SYS_TYPES_H 1
| #define HAVE_SYS_STAT_H 1
| #define HAVE_STDLIB_H 1
| #define HAVE_STRING_H 1
| #define HAVE_MEMORY_H 1
| #define HAVE_STRINGS_H 1
| #define HAVE_INTTYPES_H 1
| #define HAVE_STDINT_H 1
| #define HAVE_UNISTD_H 1
| #define HAVE_READLINE_READLINE_H 1
| #define HAVE_READLINE_HISTORY_H 1
| #define HAVE_LIBREADLINE 1
| #define HAVE_RL_DING 1
| #define HAVE_RL_REPLACE_LINE 1
| #define HAVE_RL_COMMAND_FUNC_T 1
| #define HAVE_SYS_SOCKET_H 1
| #define HAVE_NETINET_IN_H 1
| #define HAVE_NETDB_H 1
| #define HAVE_ARPA_INET_H 1
| #define HAVE_LIBNSL 1
| #define HAVE_DIRENT_H 1
| #define STDC_HEADERS 1
| #define HAVE_SYS_WAIT_H 1
| #define HAVE_LIBINTL_H 1
| #define HAVE_FCNTL_H 1
| #define HAVE_MALLOC_H 1
| #define HAVE_STRINGS_H 1
| #define HAVE_SYS_IOCTL_H 1
| #define HAVE_SYS_TIME_H 1
| #define HAVE_TERMIO_H 1
| #define HAVE_UNISTD_H 1
| #define HAVE_STRING_H 1
| #define HAVE_STDDEF_H 1
| #define HAVE_STDLIB_H 1
| #define HAVE_UNISTD_H 1
| #define HAVE_SYS_SELECT_H 1
| #define HAVE_POLL_H 1
| #define HAVE_SYS_POLL_H 1
| /* end confdefs.h.  */
| #include <stdio.h>
| #if HAVE_SYS_TYPES_H
| # include <sys/types.h>
| #endif
| #if HAVE_SYS_STAT_H
| # include <sys/stat.h>
| #endif
| #if STDC_HEADERS
| # include <stdlib.h>
| # include <stddef.h>
| #else
| # if HAVE_STDLIB_H
| #  include <stdlib.h>
| # endif
| #endif
| #if HAVE_STRING_H
| # if !STDC_HEADERS && HAVE_MEMORY_H
| #  include <memory.h>
| # endif
| # include <string.h>
| #endif
| #if HAVE_STRINGS_H
| # include <strings.h>
| #endif
| #if HAVE_INTTYPES_H
| # include <inttypes.h>
| #else
| # if HAVE_STDINT_H
| #  include <stdint.h>
| # endif
| #endif
| #if HAVE_UNISTD_H
| # include <unistd.h>
| #endif
| #include <sys/ptem.h>
configure:5448: result: no
configure:5452: checking sys/ptem.h presence
configure:5462: gcc -E  conftest.c
conftest.c:51:10: fatal error: sys/ptem.h: No such file or directory
   51 | #include <sys/ptem.h>
      |          ^~~~~~~~~~~~
compilation terminated.
configure:5468: $? = 1
configure: failed program was:
| /* confdefs.h.  */
| 
| #define PACKAGE_NAME "clewn"
| #define PACKAGE_TARNAME "clewn"
| #define PACKAGE_VERSION "1.13"
| #define PACKAGE_STRING "clewn 1.13"
| #define PACKAGE_BUGREPORT "xdegaye@users.sourceforge.net"
| #define PACKAGE "clewn"
| #define VERSION "1.13"
| #define HAVE_LIBCURSES 1
| #define STDC_HEADERS 1
| #define HAVE_SYS_TYPES_H 1
| #define HAVE_SYS_STAT_H 1
| #define HAVE_STDLIB_H 1
| #define HAVE_STRING_H 1
| #define HAVE_MEMORY_H 1
| #define HAVE_STRINGS_H 1
| #define HAVE_INTTYPES_H 1
| #define HAVE_STDINT_H 1
| #define HAVE_UNISTD_H 1
| #define HAVE_READLINE_READLINE_H 1
| #define HAVE_READLINE_HISTORY_H 1
| #define HAVE_LIBREADLINE 1
| #define HAVE_RL_DING 1
| #define HAVE_RL_REPLACE_LINE 1
| #define HAVE_RL_COMMAND_FUNC_T 1
| #define HAVE_SYS_SOCKET_H 1
| #define HAVE_NETINET_IN_H 1
| #define HAVE_NETDB_H 1
| #define HAVE_ARPA_INET_H 1
| #define HAVE_LIBNSL 1
| #define HAVE_DIRENT_H 1
| #define STDC_HEADERS 1
| #define HAVE_SYS_WAIT_H 1
| #define HAVE_LIBINTL_H 1
| #define HAVE_FCNTL_H 1
| #define HAVE_MALLOC_H 1
| #define HAVE_STRINGS_H 1
| #define HAVE_SYS_IOCTL_H 1
| #define HAVE_SYS_TIME_H 1
| #define HAVE_TERMIO_H 1
| #define HAVE_UNISTD_H 1
| #define HAVE_STRING_H 1
| #define HAVE_STDDEF_H 1
| #define HAVE_STDLIB_H 1
| #define HAVE_UNISTD_H 1
| #define HAVE_SYS_SELECT_H 1
| #define HAVE_POLL_H 1
| #define HAVE_SYS_POLL_H 1
| /* end confdefs.h.  */
| #include <sys/ptem.h>
configure:5488: result: no
configure:5523: checking for sys/ptem.h
configure:5530: result: no
configure:5407: checking termios.h usability
configure:5419: gcc -c -g -O2  conftest.c >&5
configure:5425: $? = 0
configure:5429: test -z 
			 || test ! -s conftest.err
configure:5432: $? = 0
configure:5435: test -s conftest.o
configure:5438: $? = 0
configure:5448: result: yes
configure:5452: checking termios.h presence
configure:5462: gcc -E  conftest.c
configure:5468: $? = 0
configure:5488: result: yes
configure:5523: checking for termios.h
configure:5530: result: yes
configure:5545: checking for an ANSI C-conforming const
configure:5612: gcc -c -g -O2  conftest.c >&5
configure:5618: $? = 0
configure:5622: test -z 
			 || test ! -s conftest.err
configure:5625: $? = 0
configure:5628: test -s conftest.o
configure:5631: $? = 0
configure:5642: result: yes
configure:5652: checking for mode_t
configure:5676: gcc -c -g -O2  conftest.c >&5
configure:5682: $? = 0
configure:5686: test -z 
			 || test ! -s conftest.err
configure:5689: $? = 0
configure:5692: test -s conftest.o
configure:5695: $? = 0
configure:5706: result: yes
configure:5718: checking for obstacks
configure:5739: gcc -o conftest -g -O2   conftest.c -lnsl -lreadline -lcurses  >&5
configure:5745: $? = 0
configure:5749: test -z 
			 || test ! -s conftest.err
configure:5752: $? = 0
configure:5755: test -s conftest
configure:5758: $? = 0
configure:5770: result: yes
configure:5789: checking for pid_t
configure:5813: gcc -c -g -O2  conftest.c >&5
configure:5819: $? = 0
configure:5823: test -z 
			 || test ! -s conftest.err
configure:5826: $? = 0
configure:5829: test -s conftest.o
configure:5832: $? = 0
configure:5843: result: yes
configure:5855: checking for size_t
configure:5879: gcc -c -g -O2  conftest.c >&5
configure:5885: $? = 0
configure:5889: test -z 
			 || test ! -s conftest.err
configure:5892: $? = 0
configure:5895: test -s conftest.o
configure:5898: $? = 0
configure:5909: result: yes
configure:5921: checking for struct stat.st_rdev
configure:5944: gcc -c -g -O2  conftest.c >&5
configure:5950: $? = 0
configure:5954: test -z 
			 || test ! -s conftest.err
configure:5957: $? = 0
configure:5960: test -s conftest.o
configure:5963: $? = 0
configure:6020: result: yes
configure:6031: checking whether time.h and sys/time.h may both be included
configure:6056: gcc -c -g -O2  conftest.c >&5
configure:6062: $? = 0
configure:6066: test -z 
			 || test ! -s conftest.err
configure:6069: $? = 0
configure:6072: test -s conftest.o
configure:6075: $? = 0
configure:6086: result: yes
configure:6098: checking whether closedir returns void
configure:6127: gcc -o conftest -g -O2   conftest.c -lnsl -lreadline -lcurses  >&5
configure:6130: $? = 0
configure:6132: ./conftest
configure:6135: $? = 0
configure:6149: result: no
configure:6165: checking for unistd.h
configure:6170: result: yes
configure:6174: checking vfork.h usability
configure:6186: gcc -c -g -O2  conftest.c >&5
conftest.c:90:10: fatal error: vfork.h: No such file or directory
   90 | #include <vfork.h>
      |          ^~~~~~~~~
compilation terminated.
configure:6192: $? = 1
configure: failed program was:
| /* confdefs.h.  */
| 
| #define PACKAGE_NAME "clewn"
| #define PACKAGE_TARNAME "clewn"
| #define PACKAGE_VERSION "1.13"
| #define PACKAGE_STRING "clewn 1.13"
| #define PACKAGE_BUGREPORT "xdegaye@users.sourceforge.net"
| #define PACKAGE "clewn"
| #define VERSION "1.13"
| #define HAVE_LIBCURSES 1
| #define STDC_HEADERS 1
| #define HAVE_SYS_TYPES_H 1
| #define HAVE_SYS_STAT_H 1
| #define HAVE_STDLIB_H 1
| #define HAVE_STRING_H 1
| #define HAVE_MEMORY_H 1
| #define HAVE_STRINGS_H 1
| #define HAVE_INTTYPES_H 1
| #define HAVE_STDINT_H 1
| #define HAVE_UNISTD_H 1
| #define HAVE_READLINE_READLINE_H 1
| #define HAVE_READLINE_HISTORY_H 1
| #define HAVE_LIBREADLINE 1
| #define HAVE_RL_DING 1
| #define HAVE_RL_REPLACE_LINE 1
| #define HAVE_RL_COMMAND_FUNC_T 1
| #define HAVE_SYS_SOCKET_H 1
| #define HAVE_NETINET_IN_H 1
| #define HAVE_NETDB_H 1
| #define HAVE_ARPA_INET_H 1
| #define HAVE_LIBNSL 1
| #define HAVE_DIRENT_H 1
| #define STDC_HEADERS 1
| #define HAVE_SYS_WAIT_H 1
| #define HAVE_LIBINTL_H 1
| #define HAVE_FCNTL_H 1
| #define HAVE_MALLOC_H 1
| #define HAVE_STRINGS_H 1
| #define HAVE_SYS_IOCTL_H 1
| #define HAVE_SYS_TIME_H 1
| #define HAVE_TERMIO_H 1
| #define HAVE_UNISTD_H 1
| #define HAVE_STRING_H 1
| #define HAVE_STDDEF_H 1
| #define HAVE_STDLIB_H 1
| #define HAVE_UNISTD_H 1
| #define HAVE_SYS_SELECT_H 1
| #define HAVE_POLL_H 1
| #define HAVE_SYS_POLL_H 1
| #define HAVE_TERMIOS_H 1
| #define HAVE_OBSTACK 1
| #define HAVE_STRUCT_STAT_ST_RDEV 1
| #define TIME_WITH_SYS_TIME 1
| #define HAVE_UNISTD_H 1
| /* end confdefs.h.  */
| #include <stdio.h>
| #if HAVE_SYS_TYPES_H
| # include <sys/types.h>
| #endif
| #if HAVE_SYS_STAT_H
| # include <sys/stat.h>
| #endif
| #if STDC_HEADERS
| # include <stdlib.h>
| # include <stddef.h>
| #else
| # if HAVE_STDLIB_H
| #  include <stdlib.h>
| # endif
| #endif
| #if HAVE_STRING_H
| # if !STDC_HEADERS && HAVE_MEMORY_H
| #  include <memory.h>
| # endif
| # include <string.h>
| #endif
| #if HAVE_STRINGS_H
| # include <strings.h>
| #endif
| #if HAVE_INTTYPES_H
| # include <inttypes.h>
| #else
| # if HAVE_STDINT_H
| #  include <stdint.h>
| # endif
| #endif
| #if HAVE_UNISTD_H
| # include <unistd.h>
| #endif
| #include <vfork.h>
configure:6215: result: no
configure:6219: checking vfork.h presence
configure:6229: gcc -E  conftest.c
conftest.c:56:10: fatal error: vfork.h: No such file or directory
   56 | #include <vfork.h>
      |          ^~~~~~~~~
compilation terminated.
configure:6235: $? = 1
configure: failed program was:
| /* confdefs.h.  */
| 
| #define PACKAGE_NAME "clewn"
| #define PACKAGE_TARNAME "clewn"
| #define PACKAGE_VERSION "1.13"
| #define PACKAGE_STRING "clewn 1.13"
| #define PACKAGE_BUGREPORT "xdegaye@users.sourceforge.net"
| #define PACKAGE "clewn"
| #define VERSION "1.13"
| #define HAVE_LIBCURSES 1
| #define STDC_HEADERS 1
| #define HAVE_SYS_TYPES_H 1
| #define HAVE_SYS_STAT_H 1
| #define HAVE_STDLIB_H 1
| #define HAVE_STRING_H 1
| #define HAVE_MEMORY_H 1
| #define HAVE_STRINGS_H 1
| #define HAVE_INTTYPES_H 1
| #define HAVE_STDINT_H 1
| #define HAVE_UNISTD_H 1
| #define HAVE_READLINE_READLINE_H 1
| #define HAVE_READLINE_HISTORY_H 1
| #define HAVE_LIBREADLINE 1
| #define HAVE_RL_DING 1
| #define HAVE_RL_REPLACE_LINE 1
| #define HAVE_RL_COMMAND_FUNC_T 1
| #define HAVE_SYS_SOCKET_H 1
| #define HAVE_NETINET_IN_H 1
| #define HAVE_NETDB_H 1
| #define HAVE_ARPA_INET_H 1
| #define HAVE_LIBNSL 1
| #define HAVE_DIRENT_H 1
| #define STDC_HEADERS 1
| #define HAVE_SYS_WAIT_H 1
| #define HAVE_LIBINTL_H 1
| #define HAVE_FCNTL_H 1
| #define HAVE_MALLOC_H 1
| #define HAVE_STRINGS_H 1
| #define HAVE_SYS_IOCTL_H 1
| #define HAVE_SYS_TIME_H 1
| #define HAVE_TERMIO_H 1
| #define HAVE_UNISTD_H 1
| #define HAVE_STRING_H 1
| #define HAVE_STDDEF_H 1
| #define HAVE_STDLIB_H 1
| #define HAVE_UNISTD_H 1
| #define HAVE_SYS_SELECT_H 1
| #define HAVE_POLL_H 1
| #define HAVE_SYS_POLL_H 1
| #define HAVE_TERMIOS_H 1
| #define HAVE_OBSTACK 1
| #define HAVE_STRUCT_STAT_ST_RDEV 1
| #define TIME_WITH_SYS_TIME 1
| #define HAVE_UNISTD_H 1
| /* end confdefs.h.  */
| #include <vfork.h>
configure:6255: result: no
configure:6290: checking for vfork.h
configure:6297: result: no
configure:6315: checking for fork
configure:6372: gcc -o conftest -g -O2   conftest.c -lnsl -lreadline -lcurses  >&5
conftest.c:80:6: warning: conflicting types for built-in function 'fork'; expected 'int(void)' [-Wbuiltin-declaration-mismatch]
   80 | char fork ();
      |      ^~~~
configure:6378: $? = 0
configure:6382: test -z 
			 || test ! -s conftest.err
configure:6385: $? = 0
configure:6388: test -s conftest
configure:6391: $? = 0
configure:6403: result: yes
configure:6315: checking for vfork
configure:6372: gcc -o conftest -g -O2   conftest.c -lnsl -lreadline -lcurses  >&5
configure:6378: $? = 0
configure:6382: test -z 
			 || test ! -s conftest.err
configure:6385: $? = 0
configure:6388: test -s conftest
configure:6391: $? = 0
configure:6403: result: yes
configure:6414: checking for working fork
configure:6437: gcc -o conftest -g -O2   conftest.c -lnsl -lreadline -lcurses  >&5
conftest.c: In function 'main':
conftest.c:9:6: warning: implicit declaration of function 'fork' [-Wimplicit-function-declaration]
    9 |  if (fork() < 0)
      |      ^~~~
conftest.c:10:4: warning: implicit declaration of function 'exit' [-Wimplicit-function-declaration]
   10 |    exit (1);
      |    ^~~~
conftest.c:10:4: warning: incompatible implicit declaration of built-in function 'exit'
conftest.c:3:1: note: include '<stdlib.h>' or provide a declaration of 'exit'
    2 |       #include <sys/types.h>
  +++ |+#include <stdlib.h>
    3 |       #if HAVE_UNISTD_H
conftest.c:11:2: warning: incompatible implicit declaration of built-in function 'exit'
   11 |  exit (0);
      |  ^~~~
conftest.c:11:2: note: include '<stdlib.h>' or provide a declaration of 'exit'
configure:6440: $? = 0
configure:6442: ./conftest
configure:6445: $? = 0
configure:6459: result: yes
configure:6480: checking for working vfork
configure:6613: result: yes
configure:6650: checking for sys/select.h
configure:6655: result: yes
configure:6650: checking for sys/socket.h
configure:6655: result: yes
configure:6795: checking types of arguments for select
configure:6828: gcc -c -g -O2  conftest.c >&5
configure:6834: $? = 0
configure:6838: test -z 
			 || test ! -s conftest.err
configure:6841: $? = 0
configure:6844: test -s conftest.o
configure:6847: $? = 0
configure:6863: result: int,fd_set *,struct timeval *
configure:6886: checking whether lstat dereferences a symlink specified with a trailing slash
configure:6917: gcc -o conftest -g -O2   conftest.c -lnsl -lreadline -lcurses  >&5
configure:6920: $? = 0
configure:6922: ./conftest
configure:6925: $? = 0
configure:6946: result: yes
configure:6967: checking whether stat accepts an empty string
configure:6992: gcc -o conftest -g -O2   conftest.c -lnsl -lreadline -lcurses  >&5
configure:6995: $? = 0
configure:6997: ./conftest
configure:7000: $? = 1
configure: program exited with status 1
configure: failed program was:
| /* confdefs.h.  */
| 
| #define PACKAGE_NAME "clewn"
| #define PACKAGE_TARNAME "clewn"
| #define PACKAGE_VERSION "1.13"
| #define PACKAGE_STRING "clewn 1.13"
| #define PACKAGE_BUGREPORT "xdegaye@users.sourceforge.net"
| #define PACKAGE "clewn"
| #define VERSION "1.13"
| #define HAVE_LIBCURSES 1
| #define STDC_HEADERS 1
| #define HAVE_SYS_TYPES_H 1
| #define HAVE_SYS_STAT_H 1
| #define HAVE_STDLIB_H 1
| #define HAVE_STRING_H 1
| #define HAVE_MEMORY_H 1
| #define HAVE_STRINGS_H 1
| #define HAVE_INTTYPES_H 1
| #define HAVE_STDINT_H 1
| #define HAVE_UNISTD_H 1
| #define HAVE_READLINE_READLINE_H 1
| #define HAVE_READLINE_HISTORY_H 1
| #define HAVE_LIBREADLINE 1
| #define HAVE_RL_DING 1
| #define HAVE_RL_REPLACE_LINE 1
| #define HAVE_RL_COMMAND_FUNC_T 1
| #define HAVE_SYS_SOCKET_H 1
| #define HAVE_NETINET_IN_H 1
| #define HAVE_NETDB_H 1
| #define HAVE_ARPA_INET_H 1
| #define HAVE_LIBNSL 1
| #define HAVE_DIRENT_H 1
| #define STDC_HEADERS 1
| #define HAVE_SYS_WAIT_H 1
| #define HAVE_LIBINTL_H 1
| #define HAVE_FCNTL_H 1
| #define HAVE_MALLOC_H 1
| #define HAVE_STRINGS_H 1
| #define HAVE_SYS_IOCTL_H 1
| #define HAVE_SYS_TIME_H 1
| #define HAVE_TERMIO_H 1
| #define HAVE_UNISTD_H 1
| #define HAVE_STRING_H 1
| #define HAVE_STDDEF_H 1
| #define HAVE_STDLIB_H 1
| #define HAVE_UNISTD_H 1
| #define HAVE_SYS_SELECT_H 1
| #define HAVE_POLL_H 1
| #define HAVE_SYS_POLL_H 1
| #define HAVE_TERMIOS_H 1
| #define HAVE_OBSTACK 1
| #define HAVE_STRUCT_STAT_ST_RDEV 1
| #define TIME_WITH_SYS_TIME 1
| #define HAVE_UNISTD_H 1
| #define HAVE_FORK 1
| #define HAVE_VFORK 1
| #define HAVE_WORKING_VFORK 1
| #define HAVE_WORKING_FORK 1
| #define HAVE_SYS_SELECT_H 1
| #define HAVE_SYS_SOCKET_H 1
| #define SELECT_TYPE_ARG1 int
| #define SELECT_TYPE_ARG234 (fd_set *)
| #define SELECT_TYPE_ARG5 (struct timeval *)
| #define LSTAT_FOLLOWS_SLASHED_SYMLINK 1
| /* end confdefs.h.  */
| #include <stdio.h>
| #if HAVE_SYS_TYPES_H
| # include <sys/types.h>
| #endif
| #if HAVE_SYS_STAT_H
| # include <sys/stat.h>
| #endif
| #if STDC_HEADERS
| # include <stdlib.h>
| # include <stddef.h>
| #else
| # if HAVE_STDLIB_H
| #  include <stdlib.h>
| # endif
| #endif
| #if HAVE_STRING_H
| # if !STDC_HEADERS && HAVE_MEMORY_H
| #  include <memory.h>
| # endif
| # include <string.h>
| #endif
| #if HAVE_STRINGS_H
| # include <strings.h>
| #endif
| #if HAVE_INTTYPES_H
| # include <inttypes.h>
| #else
| # if HAVE_STDINT_H
| #  include <stdint.h>
| # endif
| #endif
| #if HAVE_UNISTD_H
| # include <unistd.h>
| #endif
| int
| main ()
| {
| struct stat sbuf;
|   exit (stat ("", &sbuf) ? 1 : 0);
|   ;
|   return 0;
| }
configure:7009: result: no
configure:7028: checking whether gcc needs -traditional
configure:7070: result: no
configure:7077: checking whether sys/types.h defines makedev
configure:7098: gcc -o conftest -g -O2   conftest.c -lnsl -lreadline -lcurses  >&5
conftest.c: In function 'main':
conftest.c:70:8: warning: implicit declaration of function 'makedev' [-Wimplicit-function-declaration]
   70 | return makedev(0, 0);
      |        ^~~~~~~
/usr/bin/ld: /tmp/cc7quEX9.o: in function `main':
/home/boodie/.vim/clewn-1.13/conftest.c:70: undefined reference to `makedev'
collect2: error: ld returned 1 exit status
configure:7104: $? = 1
configure: failed program was:
| /* confdefs.h.  */
| 
| #define PACKAGE_NAME "clewn"
| #define PACKAGE_TARNAME "clewn"
| #define PACKAGE_VERSION "1.13"
| #define PACKAGE_STRING "clewn 1.13"
| #define PACKAGE_BUGREPORT "xdegaye@users.sourceforge.net"
| #define PACKAGE "clewn"
| #define VERSION "1.13"
| #define HAVE_LIBCURSES 1
| #define STDC_HEADERS 1
| #define HAVE_SYS_TYPES_H 1
| #define HAVE_SYS_STAT_H 1
| #define HAVE_STDLIB_H 1
| #define HAVE_STRING_H 1
| #define HAVE_MEMORY_H 1
| #define HAVE_STRINGS_H 1
| #define HAVE_INTTYPES_H 1
| #define HAVE_STDINT_H 1
| #define HAVE_UNISTD_H 1
| #define HAVE_READLINE_READLINE_H 1
| #define HAVE_READLINE_HISTORY_H 1
| #define HAVE_LIBREADLINE 1
| #define HAVE_RL_DING 1
| #define HAVE_RL_REPLACE_LINE 1
| #define HAVE_RL_COMMAND_FUNC_T 1
| #define HAVE_SYS_SOCKET_H 1
| #define HAVE_NETINET_IN_H 1
| #define HAVE_NETDB_H 1
| #define HAVE_ARPA_INET_H 1
| #define HAVE_LIBNSL 1
| #define HAVE_DIRENT_H 1
| #define STDC_HEADERS 1
| #define HAVE_SYS_WAIT_H 1
| #define HAVE_LIBINTL_H 1
| #define HAVE_FCNTL_H 1
| #define HAVE_MALLOC_H 1
| #define HAVE_STRINGS_H 1
| #define HAVE_SYS_IOCTL_H 1
| #define HAVE_SYS_TIME_H 1
| #define HAVE_TERMIO_H 1
| #define HAVE_UNISTD_H 1
| #define HAVE_STRING_H 1
| #define HAVE_STDDEF_H 1
| #define HAVE_STDLIB_H 1
| #define HAVE_UNISTD_H 1
| #define HAVE_SYS_SELECT_H 1
| #define HAVE_POLL_H 1
| #define HAVE_SYS_POLL_H 1
| #define HAVE_TERMIOS_H 1
| #define HAVE_OBSTACK 1
| #define HAVE_STRUCT_STAT_ST_RDEV 1
| #define TIME_WITH_SYS_TIME 1
| #define HAVE_UNISTD_H 1
| #define HAVE_FORK 1
| #define HAVE_VFORK 1
| #define HAVE_WORKING_VFORK 1
| #define HAVE_WORKING_FORK 1
| #define HAVE_SYS_SELECT_H 1
| #define HAVE_SYS_SOCKET_H 1
| #define SELECT_TYPE_ARG1 int
| #define SELECT_TYPE_ARG234 (fd_set *)
| #define SELECT_TYPE_ARG5 (struct timeval *)
| #define LSTAT_FOLLOWS_SLASHED_SYMLINK 1
| /* end confdefs.h.  */
| #include <sys/types.h>
| int
| main ()
| {
| return makedev(0, 0);
|   ;
|   return 0;
| }
configure:7130: result: no
configure:7144: checking sys/mkdev.h usability
configure:7156: gcc -c -g -O2  conftest.c >&5
conftest.c:100:10: fatal error: sys/mkdev.h: No such file or directory
  100 | #include <sys/mkdev.h>
      |          ^~~~~~~~~~~~~
compilation terminated.
configure:7162: $? = 1
configure: failed program was:
| /* confdefs.h.  */
| 
| #define PACKAGE_NAME "clewn"
| #define PACKAGE_TARNAME "clewn"
| #define PACKAGE_VERSION "1.13"
| #define PACKAGE_STRING "clewn 1.13"
| #define PACKAGE_BUGREPORT "xdegaye@users.sourceforge.net"
| #define PACKAGE "clewn"
| #define VERSION "1.13"
| #define HAVE_LIBCURSES 1
| #define STDC_HEADERS 1
| #define HAVE_SYS_TYPES_H 1
| #define HAVE_SYS_STAT_H 1
| #define HAVE_STDLIB_H 1
| #define HAVE_STRING_H 1
| #define HAVE_MEMORY_H 1
| #define HAVE_STRINGS_H 1
| #define HAVE_INTTYPES_H 1
| #define HAVE_STDINT_H 1
| #define HAVE_UNISTD_H 1
| #define HAVE_READLINE_READLINE_H 1
| #define HAVE_READLINE_HISTORY_H 1
| #define HAVE_LIBREADLINE 1
| #define HAVE_RL_DING 1
| #define HAVE_RL_REPLACE_LINE 1
| #define HAVE_RL_COMMAND_FUNC_T 1
| #define HAVE_SYS_SOCKET_H 1
| #define HAVE_NETINET_IN_H 1
| #define HAVE_NETDB_H 1
| #define HAVE_ARPA_INET_H 1
| #define HAVE_LIBNSL 1
| #define HAVE_DIRENT_H 1
| #define STDC_HEADERS 1
| #define HAVE_SYS_WAIT_H 1
| #define HAVE_LIBINTL_H 1
| #define HAVE_FCNTL_H 1
| #define HAVE_MALLOC_H 1
| #define HAVE_STRINGS_H 1
| #define HAVE_SYS_IOCTL_H 1
| #define HAVE_SYS_TIME_H 1
| #define HAVE_TERMIO_H 1
| #define HAVE_UNISTD_H 1
| #define HAVE_STRING_H 1
| #define HAVE_STDDEF_H 1
| #define HAVE_STDLIB_H 1
| #define HAVE_UNISTD_H 1
| #define HAVE_SYS_SELECT_H 1
| #define HAVE_POLL_H 1
| #define HAVE_SYS_POLL_H 1
| #define HAVE_TERMIOS_H 1
| #define HAVE_OBSTACK 1
| #define HAVE_STRUCT_STAT_ST_RDEV 1
| #define TIME_WITH_SYS_TIME 1
| #define HAVE_UNISTD_H 1
| #define HAVE_FORK 1
| #define HAVE_VFORK 1
| #define HAVE_WORKING_VFORK 1
| #define HAVE_WORKING_FORK 1
| #define HAVE_SYS_SELECT_H 1
| #define HAVE_SYS_SOCKET_H 1
| #define SELECT_TYPE_ARG1 int
| #define SELECT_TYPE_ARG234 (fd_set *)
| #define SELECT_TYPE_ARG5 (struct timeval *)
| #define LSTAT_FOLLOWS_SLASHED_SYMLINK 1
| /* end confdefs.h.  */
| #include <stdio.h>
| #if HAVE_SYS_TYPES_H
| # include <sys/types.h>
| #endif
| #if HAVE_SYS_STAT_H
| # include <sys/stat.h>
| #endif
| #if STDC_HEADERS
| # include <stdlib.h>
| # include <stddef.h>
| #else
| # if HAVE_STDLIB_H
| #  include <stdlib.h>
| # endif
| #endif
| #if HAVE_STRING_H
| # if !STDC_HEADERS && HAVE_MEMORY_H
| #  include <memory.h>
| # endif
| # include <string.h>
| #endif
| #if HAVE_STRINGS_H
| # include <strings.h>
| #endif
| #if HAVE_INTTYPES_H
| # include <inttypes.h>
| #else
| # if HAVE_STDINT_H
| #  include <stdint.h>
| # endif
| #endif
| #if HAVE_UNISTD_H
| # include <unistd.h>
| #endif
| #include <sys/mkdev.h>
configure:7185: result: no
configure:7189: checking sys/mkdev.h presence
configure:7199: gcc -E  conftest.c
conftest.c:66:10: fatal error: sys/mkdev.h: No such file or directory
   66 | #include <sys/mkdev.h>
      |          ^~~~~~~~~~~~~
compilation terminated.
configure:7205: $? = 1
configure: failed program was:
| /* confdefs.h.  */
| 
| #define PACKAGE_NAME "clewn"
| #define PACKAGE_TARNAME "clewn"
| #define PACKAGE_VERSION "1.13"
| #define PACKAGE_STRING "clewn 1.13"
| #define PACKAGE_BUGREPORT "xdegaye@users.sourceforge.net"
| #define PACKAGE "clewn"
| #define VERSION "1.13"
| #define HAVE_LIBCURSES 1
| #define STDC_HEADERS 1
| #define HAVE_SYS_TYPES_H 1
| #define HAVE_SYS_STAT_H 1
| #define HAVE_STDLIB_H 1
| #define HAVE_STRING_H 1
| #define HAVE_MEMORY_H 1
| #define HAVE_STRINGS_H 1
| #define HAVE_INTTYPES_H 1
| #define HAVE_STDINT_H 1
| #define HAVE_UNISTD_H 1
| #define HAVE_READLINE_READLINE_H 1
| #define HAVE_READLINE_HISTORY_H 1
| #define HAVE_LIBREADLINE 1
| #define HAVE_RL_DING 1
| #define HAVE_RL_REPLACE_LINE 1
| #define HAVE_RL_COMMAND_FUNC_T 1
| #define HAVE_SYS_SOCKET_H 1
| #define HAVE_NETINET_IN_H 1
| #define HAVE_NETDB_H 1
| #define HAVE_ARPA_INET_H 1
| #define HAVE_LIBNSL 1
| #define HAVE_DIRENT_H 1
| #define STDC_HEADERS 1
| #define HAVE_SYS_WAIT_H 1
| #define HAVE_LIBINTL_H 1
| #define HAVE_FCNTL_H 1
| #define HAVE_MALLOC_H 1
| #define HAVE_STRINGS_H 1
| #define HAVE_SYS_IOCTL_H 1
| #define HAVE_SYS_TIME_H 1
| #define HAVE_TERMIO_H 1
| #define HAVE_UNISTD_H 1
| #define HAVE_STRING_H 1
| #define HAVE_STDDEF_H 1
| #define HAVE_STDLIB_H 1
| #define HAVE_UNISTD_H 1
| #define HAVE_SYS_SELECT_H 1
| #define HAVE_POLL_H 1
| #define HAVE_SYS_POLL_H 1
| #define HAVE_TERMIOS_H 1
| #define HAVE_OBSTACK 1
| #define HAVE_STRUCT_STAT_ST_RDEV 1
| #define TIME_WITH_SYS_TIME 1
| #define HAVE_UNISTD_H 1
| #define HAVE_FORK 1
| #define HAVE_VFORK 1
| #define HAVE_WORKING_VFORK 1
| #define HAVE_WORKING_FORK 1
| #define HAVE_SYS_SELECT_H 1
| #define HAVE_SYS_SOCKET_H 1
| #define SELECT_TYPE_ARG1 int
| #define SELECT_TYPE_ARG234 (fd_set *)
| #define SELECT_TYPE_ARG5 (struct timeval *)
| #define LSTAT_FOLLOWS_SLASHED_SYMLINK 1
| /* end confdefs.h.  */
| #include <sys/mkdev.h>
configure:7225: result: no
configure:7260: checking for sys/mkdev.h
configure:7267: result: no
configure:7292: checking sys/sysmacros.h usability
configure:7304: gcc -c -g -O2  conftest.c >&5
configure:7310: $? = 0
configure:7314: test -z 
			 || test ! -s conftest.err
configure:7317: $? = 0
configure:7320: test -s conftest.o
configure:7323: $? = 0
configure:7333: result: yes
configure:7337: checking sys/sysmacros.h presence
configure:7347: gcc -E  conftest.c
configure:7353: $? = 0
configure:7373: result: yes
configure:7408: checking for sys/sysmacros.h
configure:7415: result: yes
configure:7431: checking return type of signal handlers
configure:7462: gcc -c -g -O2  conftest.c >&5
configure:7468: $? = 0
configure:7472: test -z 
			 || test ! -s conftest.err
configure:7475: $? = 0
configure:7478: test -s conftest.o
configure:7481: $? = 0
configure:7492: result: void
configure:7513: checking for getcwd
configure:7570: gcc -o conftest -g -O2   conftest.c -lnsl -lreadline -lcurses  >&5
configure:7576: $? = 0
configure:7580: test -z 
			 || test ! -s conftest.err
configure:7583: $? = 0
configure:7586: test -s conftest
configure:7589: $? = 0
configure:7601: result: yes
configure:7513: checking for gethostbyname
configure:7570: gcc -o conftest -g -O2   conftest.c -lnsl -lreadline -lcurses  >&5
configure:7576: $? = 0
configure:7580: test -z 
			 || test ! -s conftest.err
configure:7583: $? = 0
configure:7586: test -s conftest
configure:7589: $? = 0
configure:7601: result: yes
configure:7513: checking for gettimeofday
configure:7570: gcc -o conftest -g -O2   conftest.c -lnsl -lreadline -lcurses  >&5
configure:7576: $? = 0
configure:7580: test -z 
			 || test ! -s conftest.err
configure:7583: $? = 0
configure:7586: test -s conftest
configure:7589: $? = 0
configure:7601: result: yes
configure:7513: checking for getwd
configure:7570: gcc -o conftest -g -O2   conftest.c -lnsl -lreadline -lcurses  >&5
/usr/bin/ld: /tmp/ccMe5BCz.o: in function `main':
/home/boodie/.vim/clewn-1.13/conftest.c:111: warning: the `getwd' function is dangerous and should not be used.
configure:7576: $? = 0
configure:7580: test -z 
			 || test ! -s conftest.err
configure:7583: $? = 0
configure:7586: test -s conftest
configure:7589: $? = 0
configure:7601: result: yes
configure:7513: checking for mkdir
configure:7570: gcc -o conftest -g -O2   conftest.c -lnsl -lreadline -lcurses  >&5
configure:7576: $? = 0
configure:7580: test -z 
			 || test ! -s conftest.err
configure:7583: $? = 0
configure:7586: test -s conftest
configure:7589: $? = 0
configure:7601: result: yes
configure:7513: checking for rmdir
configure:7570: gcc -o conftest -g -O2   conftest.c -lnsl -lreadline -lcurses  >&5
configure:7576: $? = 0
configure:7580: test -z 
			 || test ! -s conftest.err
configure:7583: $? = 0
configure:7586: test -s conftest
configure:7589: $? = 0
configure:7601: result: yes
configure:7513: checking for select
configure:7570: gcc -o conftest -g -O2   conftest.c -lnsl -lreadline -lcurses  >&5
configure:7576: $? = 0
configure:7580: test -z 
			 || test ! -s conftest.err
configure:7583: $? = 0
configure:7586: test -s conftest
configure:7589: $? = 0
configure:7601: result: yes
configure:7513: checking for socket
configure:7601: result: yes
configure:7513: checking for strerror
configure:7570: gcc -o conftest -g -O2   conftest.c -lnsl -lreadline -lcurses  >&5
configure:7576: $? = 0
configure:7580: test -z 
			 || test ! -s conftest.err
configure:7583: $? = 0
configure:7586: test -s conftest
configure:7589: $? = 0
configure:7601: result: yes
configure:7513: checking for strtol
configure:7570: gcc -o conftest -g -O2   conftest.c -lnsl -lreadline -lcurses  >&5
configure:7576: $? = 0
configure:7580: test -z 
			 || test ! -s conftest.err
configure:7583: $? = 0
configure:7586: test -s conftest
configure:7589: $? = 0
configure:7601: result: yes
configure:7625: checking for fchdir
configure:7682: gcc -o conftest -g -O2   conftest.c -lnsl -lreadline -lcurses  >&5
configure:7688: $? = 0
configure:7692: test -z 
			 || test ! -s conftest.err
configure:7695: $? = 0
configure:7698: test -s conftest
configure:7701: $? = 0
configure:7713: result: yes
configure:7625: checking for inet_ntoa
configure:7682: gcc -o conftest -g -O2   conftest.c -lnsl -lreadline -lcurses  >&5
configure:7688: $? = 0
configure:7692: test -z 
			 || test ! -s conftest.err
configure:7695: $? = 0
configure:7698: test -s conftest
configure:7701: $? = 0
configure:7713: result: yes
configure:7625: checking for memset
configure:7682: gcc -o conftest -g -O2   conftest.c -lnsl -lreadline -lcurses  >&5
conftest.c:104:6: warning: conflicting types for built-in function 'memset'; expected 'void *(void *, int,  long unsigned int)' [-Wbuiltin-declaration-mismatch]
  104 | char memset ();
      |      ^~~~~~
conftest.c:91:1: note: 'memset' is declared in header '<string.h>'
   90 | # include <limits.h>
   91 | #else
configure:7688: $? = 0
configure:7692: test -z 
			 || test ! -s conftest.err
configure:7695: $? = 0
configure:7698: test -s conftest
configure:7701: $? = 0
configure:7713: result: yes
configure:7625: checking for nanosleep
configure:7682: gcc -o conftest -g -O2   conftest.c -lnsl -lreadline -lcurses  >&5
configure:7688: $? = 0
configure:7692: test -z 
			 || test ! -s conftest.err
configure:7695: $? = 0
configure:7698: test -s conftest
configure:7701: $? = 0
configure:7713: result: yes
configure:7625: checking for regcomp
configure:7682: gcc -o conftest -g -O2   conftest.c -lnsl -lreadline -lcurses  >&5
configure:7688: $? = 0
configure:7692: test -z 
			 || test ! -s conftest.err
configure:7695: $? = 0
configure:7698: test -s conftest
configure:7701: $? = 0
configure:7713: result: yes
configure:7625: checking for setenv
configure:7682: gcc -o conftest -g -O2   conftest.c -lnsl -lreadline -lcurses  >&5
configure:7688: $? = 0
configure:7692: test -z 
			 || test ! -s conftest.err
configure:7695: $? = 0
configure:7698: test -s conftest
configure:7701: $? = 0
configure:7713: result: yes
configure:7625: checking for strchr
configure:7682: gcc -o conftest -g -O2   conftest.c -lnsl -lreadline -lcurses  >&5
conftest.c:108:6: warning: conflicting types for built-in function 'strchr'; expected 'char *(const char *, int)' [-Wbuiltin-declaration-mismatch]
  108 | char strchr ();
      |      ^~~~~~
conftest.c:95:1: note: 'strchr' is declared in header '<string.h>'
   94 | # include <limits.h>
   95 | #else
configure:7688: $? = 0
configure:7692: test -z 
			 || test ! -s conftest.err
configure:7695: $? = 0
configure:7698: test -s conftest
configure:7701: $? = 0
configure:7713: result: yes
configure:7625: checking for strrchr
configure:7682: gcc -o conftest -g -O2   conftest.c -lnsl -lreadline -lcurses  >&5
conftest.c:109:6: warning: conflicting types for built-in function 'strrchr'; expected 'char *(const char *, int)' [-Wbuiltin-declaration-mismatch]
  109 | char strrchr ();
      |      ^~~~~~~
conftest.c:96:1: note: 'strrchr' is declared in header '<string.h>'
   95 | # include <limits.h>
   96 | #else
configure:7688: $? = 0
configure:7692: test -z 
			 || test ! -s conftest.err
configure:7695: $? = 0
configure:7698: test -s conftest
configure:7701: $? = 0
configure:7713: result: yes
configure:7625: checking for usleep
configure:7682: gcc -o conftest -g -O2   conftest.c -lnsl -lreadline -lcurses  >&5
configure:7688: $? = 0
configure:7692: test -z 
			 || test ! -s conftest.err
configure:7695: $? = 0
configure:7698: test -s conftest
configure:7701: $? = 0
configure:7713: result: yes
configure:7625: checking for getpseudotty
configure:7682: gcc -o conftest -g -O2   conftest.c -lnsl -lreadline -lcurses  >&5
/usr/bin/ld: /tmp/cc3HAvS0.o: in function `main':
/home/boodie/.vim/clewn-1.13/conftest.c:127: undefined reference to `getpseudotty'
/usr/bin/ld: /tmp/cc3HAvS0.o:/home/boodie/.vim/clewn-1.13/conftest.c:118: undefined reference to `getpseudotty'
collect2: error: ld returned 1 exit status
configure:7688: $? = 1
configure: failed program was:
| /* confdefs.h.  */
| 
| #define PACKAGE_NAME "clewn"
| #define PACKAGE_TARNAME "clewn"
| #define PACKAGE_VERSION "1.13"
| #define PACKAGE_STRING "clewn 1.13"
| #define PACKAGE_BUGREPORT "xdegaye@users.sourceforge.net"
| #define PACKAGE "clewn"
| #define VERSION "1.13"
| #define HAVE_LIBCURSES 1
| #define STDC_HEADERS 1
| #define HAVE_SYS_TYPES_H 1
| #define HAVE_SYS_STAT_H 1
| #define HAVE_STDLIB_H 1
| #define HAVE_STRING_H 1
| #define HAVE_MEMORY_H 1
| #define HAVE_STRINGS_H 1
| #define HAVE_INTTYPES_H 1
| #define HAVE_STDINT_H 1
| #define HAVE_UNISTD_H 1
| #define HAVE_READLINE_READLINE_H 1
| #define HAVE_READLINE_HISTORY_H 1
| #define HAVE_LIBREADLINE 1
| #define HAVE_RL_DING 1
| #define HAVE_RL_REPLACE_LINE 1
| #define HAVE_RL_COMMAND_FUNC_T 1
| #define HAVE_SYS_SOCKET_H 1
| #define HAVE_NETINET_IN_H 1
| #define HAVE_NETDB_H 1
| #define HAVE_ARPA_INET_H 1
| #define HAVE_LIBNSL 1
| #define HAVE_DIRENT_H 1
| #define STDC_HEADERS 1
| #define HAVE_SYS_WAIT_H 1
| #define HAVE_LIBINTL_H 1
| #define HAVE_FCNTL_H 1
| #define HAVE_MALLOC_H 1
| #define HAVE_STRINGS_H 1
| #define HAVE_SYS_IOCTL_H 1
| #define HAVE_SYS_TIME_H 1
| #define HAVE_TERMIO_H 1
| #define HAVE_UNISTD_H 1
| #define HAVE_STRING_H 1
| #define HAVE_STDDEF_H 1
| #define HAVE_STDLIB_H 1
| #define HAVE_UNISTD_H 1
| #define HAVE_SYS_SELECT_H 1
| #define HAVE_POLL_H 1
| #define HAVE_SYS_POLL_H 1
| #define HAVE_TERMIOS_H 1
| #define HAVE_OBSTACK 1
| #define HAVE_STRUCT_STAT_ST_RDEV 1
| #define TIME_WITH_SYS_TIME 1
| #define HAVE_UNISTD_H 1
| #define HAVE_FORK 1
| #define HAVE_VFORK 1
| #define HAVE_WORKING_VFORK 1
| #define HAVE_WORKING_FORK 1
| #define HAVE_SYS_SELECT_H 1
| #define HAVE_SYS_SOCKET_H 1
| #define SELECT_TYPE_ARG1 int
| #define SELECT_TYPE_ARG234 (fd_set *)
| #define SELECT_TYPE_ARG5 (struct timeval *)
| #define LSTAT_FOLLOWS_SLASHED_SYMLINK 1
| #define MAJOR_IN_SYSMACROS 1
| #define RETSIGTYPE void
| #define HAVE_GETCWD 1
| #define HAVE_GETHOSTBYNAME 1
| #define HAVE_GETTIMEOFDAY 1
| #define HAVE_GETWD 1
| #define HAVE_MKDIR 1
| #define HAVE_RMDIR 1
| #define HAVE_SELECT 1
| #define HAVE_SOCKET 1
| #define HAVE_STRERROR 1
| #define HAVE_STRTOL 1
| #define HAVE_FCHDIR 1
| #define HAVE_INET_NTOA 1
| #define HAVE_MEMSET 1
| #define HAVE_NANOSLEEP 1
| #define HAVE_REGCOMP 1
| #define HAVE_SETENV 1
| #define HAVE_STRCHR 1
| #define HAVE_STRRCHR 1
| #define HAVE_USLEEP 1
| /* end confdefs.h.  */
| /* Define getpseudotty to an innocuous variant, in case <limits.h> declares getpseudotty.
|    For example, HP-UX 11i <limits.h> declares gettimeofday.  */
| #define getpseudotty innocuous_getpseudotty
| 
| /* System header to define __stub macros and hopefully few prototypes,
|     which can conflict with char getpseudotty (); below.
|     Prefer <limits.h> to <assert.h> if __STDC__ is defined, since
|     <limits.h> exists even on freestanding compilers.  */
| 
| #ifdef __STDC__
| # include <limits.h>
| #else
| # include <assert.h>
| #endif
| 
| #undef getpseudotty
| 
| /* Override any gcc2 internal prototype to avoid an error.  */
| #ifdef __cplusplus
| extern "C"
| {
| #endif
| /* We use char because int might match the return type of a gcc2
|    builtin and then its argument prototype would still apply.  */
| char getpseudotty ();
| /* The GNU C library defines this for functions which it implements
|     to always fail with ENOSYS.  Some functions are actually named
|     something starting with __ and the normal name is an alias.  */
| #if defined (__stub_getpseudotty) || defined (__stub___getpseudotty)
| choke me
| #else
| char (*f) () = getpseudotty;
| #endif
| #ifdef __cplusplus
| }
| #endif
| 
| int
| main ()
| {
| return f != getpseudotty;
|   ;
|   return 0;
| }
configure:7713: result: no
configure:7625: checking for mtrace
configure:7682: gcc -o conftest -g -O2   conftest.c -lnsl -lreadline -lcurses  >&5
configure:7688: $? = 0
configure:7692: test -z 
			 || test ! -s conftest.err
configure:7695: $? = 0
configure:7698: test -s conftest
configure:7701: $? = 0
configure:7713: result: yes
configure:7726: checking whether memmove/bcopy/memcpy handle overlaps
configure:7755: gcc -o conftest -g -O2   conftest.c -lnsl -lreadline -lcurses  >&5
conftest.c:89:1: warning: return type defaults to 'int' [-Wimplicit-int]
   89 | main() {
      | ^~~~
conftest.c: In function 'main':
conftest.c:91:3: warning: implicit declaration of function 'strcpy' [-Wimplicit-function-declaration]
   91 |   strcpy(buf, "abcdefghi");
      |   ^~~~~~
conftest.c:91:3: warning: incompatible implicit declaration of built-in function 'strcpy'
conftest.c:1:1: note: include '<string.h>' or provide a declaration of 'strcpy'
  +++ |+#include <string.h>
    1 | /* confdefs.h.  */
conftest.c:88:30: warning: implicit declaration of function 'memmove' [-Wimplicit-function-declaration]
   88 | #define clewn_memmove(s,d,l) memmove(d,s,l)
      |                              ^~~~~~~
conftest.c:92:3: note: in expansion of macro 'clewn_memmove'
   92 |   clewn_memmove(buf, buf + 2, 3);
      |   ^~~~~~~~~~~~~
conftest.c:88:30: warning: incompatible implicit declaration of built-in function 'memmove'
   88 | #define clewn_memmove(s,d,l) memmove(d,s,l)
      |                              ^~~~~~~
conftest.c:92:3: note: in expansion of macro 'clewn_memmove'
   92 |   clewn_memmove(buf, buf + 2, 3);
      |   ^~~~~~~~~~~~~
conftest.c:88:30: note: include '<string.h>' or provide a declaration of 'memmove'
   88 | #define clewn_memmove(s,d,l) memmove(d,s,l)
      |                              ^~~~~~~
conftest.c:92:3: note: in expansion of macro 'clewn_memmove'
   92 |   clewn_memmove(buf, buf + 2, 3);
      |   ^~~~~~~~~~~~~
conftest.c:93:7: warning: implicit declaration of function 'strncmp' [-Wimplicit-function-declaration]
   93 |   if (strncmp(buf, "ababcf", 6))
      |       ^~~~~~~
conftest.c:93:30: warning: 'strncmp' argument 3 type is 'int' where 'long unsigned int' is expected in a call to built-in function declared without prototype [-Wbuiltin-declaration-mismatch]
   93 |   if (strncmp(buf, "ababcf", 6))
      |                              ^
<built-in>: note: built-in 'strncmp' declared here
conftest.c:94:5: warning: implicit declaration of function 'exit' [-Wimplicit-function-declaration]
   94 |     exit(1);
      |     ^~~~
conftest.c:94:5: warning: incompatible implicit declaration of built-in function 'exit'
conftest.c:1:1: note: include '<stdlib.h>' or provide a declaration of 'exit'
  +++ |+#include <stdlib.h>
    1 | /* confdefs.h.  */
conftest.c:97:30: warning: 'strncmp' argument 3 type is 'int' where 'long unsigned int' is expected in a call to built-in function declared without prototype [-Wbuiltin-declaration-mismatch]
   97 |   if (strncmp(buf, "cdedef", 6))
      |                              ^
<built-in>: note: built-in 'strncmp' declared here
conftest.c:98:5: warning: incompatible implicit declaration of built-in function 'exit'
   98 |     exit(1);
      |     ^~~~
conftest.c:98:5: note: include '<stdlib.h>' or provide a declaration of 'exit'
conftest.c:99:3: warning: incompatible implicit declaration of built-in function 'exit'
   99 |   exit(0); /* libc version works properly.  */
      |   ^~~~
conftest.c:99:3: note: include '<stdlib.h>' or provide a declaration of 'exit'
configure:7758: $? = 0
configure:7760: ./conftest
configure:7763: $? = 0
configure:7769: result: memmove does
configure:7863: checking whether sys/select.h and sys/time.h may both be included
configure:7884: gcc -c -g -O2  conftest.c >&5
configure:7890: $? = 0
configure:7894: test -z 
			 || test ! -s conftest.err
configure:7897: $? = 0
configure:7900: test -s conftest.o
configure:7903: $? = 0
configure:7905: result: yes
configure:7922: checking if strings.h can be included after string.h
configure:7951: gcc -c -g -O2  conftest.c >&5
configure:7957: $? = 0
configure:7961: test -z 
			 || test ! -s conftest.err
configure:7964: $? = 0
configure:7967: test -s conftest.o
configure:7970: $? = 0
configure:7972: result: yes
configure:7988: checking for /dev/ptc
configure:7999: result: no
configure:8004: checking for SVR4 ptys
configure:8023: gcc -o conftest -g -O2   conftest.c -lnsl -lreadline -lcurses  >&5
conftest.c: In function 'main':
conftest.c:94:1: warning: implicit declaration of function 'ptsname' [-Wimplicit-function-declaration]
   94 | ptsname(0);grantpt(0);unlockpt(0);
      | ^~~~~~~
conftest.c:94:12: warning: implicit declaration of function 'grantpt' [-Wimplicit-function-declaration]
   94 | ptsname(0);grantpt(0);unlockpt(0);
      |            ^~~~~~~
conftest.c:94:23: warning: implicit declaration of function 'unlockpt' [-Wimplicit-function-declaration]
   94 | ptsname(0);grantpt(0);unlockpt(0);
      |                       ^~~~~~~~
configure:8029: $? = 0
configure:8033: test -z 
			 || test ! -s conftest.err
configure:8036: $? = 0
configure:8039: test -s conftest
configure:8042: $? = 0
configure:8044: result: yes
configure:8064: checking for ptyranges
configure:8112: result: don't know
configure:8137: checking if gcc supports -Wno-pointer-sign
configure:8159: gcc -c -Wno-pointer-sign  conftest.c >&5
configure:8165: $? = 0
configure:8169: test -z 
			 || test ! -s conftest.err
configure:8172: $? = 0
configure:8175: test -s conftest.o
configure:8178: $? = 0
configure:8188: result: yes
configure:8323: creating ./config.status

## ---------------------- ##
## Running config.status. ##
## ---------------------- ##

This file was extended by clewn config.status 1.13, which was
generated by GNU Autoconf 2.59.  Invocation command line was

  CONFIG_FILES    = 
  CONFIG_HEADERS  = 
  CONFIG_LINKS    = 
  CONFIG_COMMANDS = 
  $ ./config.status 

on boodie-pc

config.status:682: creating Makefile
config.status:682: creating runtime/Makefile
config.status:786: creating config.h
config.status:1248: executing depfiles commands

## ---------------- ##
## Cache variables. ##
## ---------------- ##

ac_cv_c_compiler_gnu=yes
ac_cv_c_const=yes
ac_cv_env_CC_set=
ac_cv_env_CC_value=
ac_cv_env_CFLAGS_set=
ac_cv_env_CFLAGS_value=
ac_cv_env_CPPFLAGS_set=
ac_cv_env_CPPFLAGS_value=
ac_cv_env_CPP_set=
ac_cv_env_CPP_value=
ac_cv_env_LDFLAGS_set=
ac_cv_env_LDFLAGS_value=
ac_cv_env_build_alias_set=
ac_cv_env_build_alias_value=
ac_cv_env_host_alias_set=
ac_cv_env_host_alias_value=
ac_cv_env_target_alias_set=
ac_cv_env_target_alias_value=
ac_cv_env_vimdir_set=
ac_cv_env_vimdir_value=
ac_cv_exeext=
ac_cv_func_closedir_void=no
ac_cv_func_fchdir=yes
ac_cv_func_fork=yes
ac_cv_func_fork_works=yes
ac_cv_func_getcwd=yes
ac_cv_func_gethostbyname=yes
ac_cv_func_getpseudotty=no
ac_cv_func_gettimeofday=yes
ac_cv_func_getwd=yes
ac_cv_func_inet_ntoa=yes
ac_cv_func_lstat_dereferences_slashed_symlink=yes
ac_cv_func_memset=yes
ac_cv_func_mkdir=yes
ac_cv_func_mtrace=yes
ac_cv_func_nanosleep=yes
ac_cv_func_obstack=yes
ac_cv_func_regcomp=yes
ac_cv_func_rmdir=yes
ac_cv_func_select=yes
ac_cv_func_select_args='int,fd_set *,struct timeval *'
ac_cv_func_setenv=yes
ac_cv_func_socket=yes
ac_cv_func_stat_empty_string_bug=no
ac_cv_func_strchr=yes
ac_cv_func_strerror=yes
ac_cv_func_strrchr=yes
ac_cv_func_strtol=yes
ac_cv_func_usleep=yes
ac_cv_func_vfork=yes
ac_cv_func_vfork_works=yes
ac_cv_header_arpa_inet_h=yes
ac_cv_header_dirent_dirent_h=yes
ac_cv_header_fcntl_h=yes
ac_cv_header_inttypes_h=yes
ac_cv_header_libintl_h=yes
ac_cv_header_malloc_h=yes
ac_cv_header_memory_h=yes
ac_cv_header_netdb_h=yes
ac_cv_header_netinet_in_h=yes
ac_cv_header_poll_h=yes
ac_cv_header_readline_history_h=yes
ac_cv_header_readline_readline_h=yes
ac_cv_header_stdc=yes
ac_cv_header_stddef_h=yes
ac_cv_header_stdint_h=yes
ac_cv_header_stdlib_h=yes
ac_cv_header_string_h=yes
ac_cv_header_strings_h=yes
ac_cv_header_stropts_h=no
ac_cv_header_sys_ioctl_h=yes
ac_cv_header_sys_mkdev_h=no
ac_cv_header_sys_poll_h=yes
ac_cv_header_sys_ptem_h=no
ac_cv_header_sys_select_h=yes
ac_cv_header_sys_socket_h=yes
ac_cv_header_sys_stat_h=yes
ac_cv_header_sys_stream_h=no
ac_cv_header_sys_sysmacros_h=yes
ac_cv_header_sys_time_h=yes
ac_cv_header_sys_types_h=yes
ac_cv_header_sys_types_h_makedev=no
ac_cv_header_sys_wait_h=yes
ac_cv_header_termio_h=yes
ac_cv_header_termios_h=yes
ac_cv_header_time=yes
ac_cv_header_unistd_h=yes
ac_cv_header_vfork_h=no
ac_cv_lib_curses_initscr=yes
ac_cv_lib_nsl_gethostbyname=yes
ac_cv_lib_readline_rl_initialize=yes
ac_cv_lib_socket_socket=no
ac_cv_member_struct_stat_st_rdev=yes
ac_cv_objext=o
ac_cv_path_install='/usr/bin/install -c'
ac_cv_prog_AWK=mawk
ac_cv_prog_CPP='gcc -E'
ac_cv_prog_ac_ct_CC=gcc
ac_cv_prog_cc_g=yes
ac_cv_prog_cc_stdc=
ac_cv_prog_egrep='grep -E'
ac_cv_prog_gcc_traditional=no
ac_cv_prog_make_make_set=yes
ac_cv_search_opendir='none required'
ac_cv_type_mode_t=yes
ac_cv_type_pid_t=yes
ac_cv_type_signal=void
ac_cv_type_size_t=yes
am_cv_CC_dependencies_compiler_type=gcc3

## ----------------- ##
## Output variables. ##
## ----------------- ##

ACLOCAL='${SHELL} /home/boodie/.vim/clewn-1.13/scripts/missing --run aclocal-1.9'
AMDEPBACKSLASH='\'
AMDEP_FALSE='#'
AMDEP_TRUE=''
AMTAR='${SHELL} /home/boodie/.vim/clewn-1.13/scripts/missing --run tar'
AUTOCONF='${SHELL} /home/boodie/.vim/clewn-1.13/scripts/missing --run autoconf'
AUTOHEADER='${SHELL} /home/boodie/.vim/clewn-1.13/scripts/missing --run autoheader'
AUTOMAKE='${SHELL} /home/boodie/.vim/clewn-1.13/scripts/missing --run automake-1.9'
AWK='mawk'
CC='gcc'
CCDEPMODE='depmode=gcc3'
CFLAGS='-g -O2 -Wall -Wno-pointer-sign'
CPP='gcc -E'
CPPFLAGS=''
CYGPATH_W='echo'
DEBUG_FALSE=''
DEBUG_TRUE='#'
DEFS='-DHAVE_CONFIG_H'
DEPDIR='.deps'
ECHO_C=''
ECHO_N='-n'
ECHO_T=''
EGREP='grep -E'
EXEEXT=''
INSTALL_DATA='${INSTALL} -m 644'
INSTALL_PROGRAM='${INSTALL}'
INSTALL_SCRIPT='${INSTALL}'
INSTALL_STRIP_PROGRAM='${SHELL} $(install_sh) -c -s'
LDFLAGS=''
LIBOBJS=''
LIBS='-lnsl -lreadline -lcurses '
LTLIBOBJS=''
MAINT='#'
MAINTAINER_MODE_FALSE=''
MAINTAINER_MODE_TRUE='#'
MAKEINFO='${SHELL} /home/boodie/.vim/clewn-1.13/scripts/missing --run makeinfo'
OBJEXT='o'
PACKAGE='clewn'
PACKAGE_BUGREPORT='xdegaye@users.sourceforge.net'
PACKAGE_NAME='clewn'
PACKAGE_STRING='clewn 1.13'
PACKAGE_TARNAME='clewn'
PACKAGE_VERSION='1.13'
PATH_SEPARATOR=':'
SET_MAKE=''
SHELL='/bin/bash'
STRIP=''
VERSION='1.13'
ac_ct_CC='gcc'
ac_ct_STRIP=''
am__fastdepCC_FALSE='#'
am__fastdepCC_TRUE=''
am__include='include'
am__leading_dot='.'
am__quote=''
am__tar='${AMTAR} chof - "$$tardir"'
am__untar='${AMTAR} xf -'
bindir='${exec_prefix}/bin'
build_alias=''
datadir='${prefix}/share'
exec_prefix='${prefix}'
host_alias=''
includedir='${prefix}/include'
infodir='${prefix}/info'
install_sh='/home/boodie/.vim/clewn-1.13/scripts/install-sh'
libdir='${exec_prefix}/lib'
libexecdir='${exec_prefix}/libexec'
localstatedir='${prefix}/var'
mandir='${prefix}/man'
mkdir_p='mkdir -p --'
oldincludedir='/usr/include'
prefix='/usr/local'
program_transform_name='s,x,x,'
sbindir='${exec_prefix}/sbin'
sharedstatedir='${prefix}/com'
sysconfdir='${prefix}/etc'
target_alias=''
vimdir='/usr/local/share/vim/vimfiles'

## ----------- ##
## confdefs.h. ##
## ----------- ##

#define HAVE_ARPA_INET_H 1
#define HAVE_DIRENT_H 1
#define HAVE_FCHDIR 1
#define HAVE_FCNTL_H 1
#define HAVE_FORK 1
#define HAVE_GETCWD 1
#define HAVE_GETHOSTBYNAME 1
#define HAVE_GETTIMEOFDAY 1
#define HAVE_GETWD 1
#define HAVE_INET_NTOA 1
#define HAVE_INTTYPES_H 1
#define HAVE_LIBCURSES 1
#define HAVE_LIBINTL_H 1
#define HAVE_LIBNSL 1
#define HAVE_LIBREADLINE 1
#define HAVE_MALLOC_H 1
#define HAVE_MEMORY_H 1
#define HAVE_MEMSET 1
#define HAVE_MKDIR 1
#define HAVE_MTRACE 1
#define HAVE_NANOSLEEP 1
#define HAVE_NETDB_H 1
#define HAVE_NETINET_IN_H 1
#define HAVE_OBSTACK 1
#define HAVE_POLL_H 1
#define HAVE_READLINE_HISTORY_H 1
#define HAVE_READLINE_READLINE_H 1
#define HAVE_REGCOMP 1
#define HAVE_RL_COMMAND_FUNC_T 1
#define HAVE_RL_DING 1
#define HAVE_RL_REPLACE_LINE 1
#define HAVE_RMDIR 1
#define HAVE_SELECT 1
#define HAVE_SETENV 1
#define HAVE_SOCKET 1
#define HAVE_STDDEF_H 1
#define HAVE_STDINT_H 1
#define HAVE_STDLIB_H 1
#define HAVE_STDLIB_H 1
#define HAVE_STRCHR 1
#define HAVE_STRERROR 1
#define HAVE_STRINGS_H 1
#define HAVE_STRINGS_H 1
#define HAVE_STRING_H 1
#define HAVE_STRING_H 1
#define HAVE_STRRCHR 1
#define HAVE_STRTOL 1
#define HAVE_STRUCT_STAT_ST_RDEV 1
#define HAVE_SVR4_PTYS 1
#define HAVE_SYS_IOCTL_H 1
#define HAVE_SYS_POLL_H 1
#define HAVE_SYS_SELECT_H 1
#define HAVE_SYS_SELECT_H 1
#define HAVE_SYS_SOCKET_H 1
#define HAVE_SYS_SOCKET_H 1
#define HAVE_SYS_STAT_H 1
#define HAVE_SYS_TIME_H 1
#define HAVE_SYS_TYPES_H 1
#define HAVE_SYS_WAIT_H 1
#define HAVE_TERMIOS_H 1
#define HAVE_TERMIO_H 1
#define HAVE_UNISTD_H 1
#define HAVE_UNISTD_H 1
#define HAVE_UNISTD_H 1
#define HAVE_UNISTD_H 1
#define HAVE_USLEEP 1
#define HAVE_VFORK 1
#define HAVE_WORKING_FORK 1
#define HAVE_WORKING_VFORK 1
#define LSTAT_FOLLOWS_SLASHED_SYMLINK 1
#define MAJOR_IN_SYSMACROS 1
#define PACKAGE "clewn"
#define PACKAGE_BUGREPORT "xdegaye@users.sourceforge.net"
#define PACKAGE_NAME "clewn"
#define PACKAGE_STRING "clewn 1.13"
#define PACKAGE_TARNAME "clewn"
#define PACKAGE_VERSION "1.13"
#define RETSIGTYPE void
#define SELECT_TYPE_ARG1 int
#define SELECT_TYPE_ARG234 (fd_set *)
#define SELECT_TYPE_ARG5 (struct timeval *)
#define STDC_HEADERS 1
#define STDC_HEADERS 1
#define SYS_SELECT_WITH_SYS_TIME 1
#define TIME_WITH_SYS_TIME 1
#define USEMEMMOVE 1
#define VERSION "1.13"

configure: exit 0
